%MSG-i configureMessageFacility:  Early 30-Apr-2019 14:42:06 CDT pre-events configureMessageFacility.cc:286
Message Facility Application CorePropertySupervisorBase configured with: debugModules:["*"] destinations:{file:{append:false directory:"/home/mu2etrk/test_stand/ots/srcs/otsdaq_mu2e_tracker/Data/Logs/CorePropertySupervisorBase" pattern:"CorePropertySupervisorBase-%?H%t-%p.log" seperator:"-" threshold:"DEBUG" timestamp_pattern:"%Y%m%d%H%M%S" type:"GenFile"} udp:{host:"127.0.0.1" port:30000 threshold:"DEBUG" type:"UDP"}}
%MSG
%MSG-i _TCPConnect:  DAQ 30-Apr-2019 14:42:06 CDT Booted TCPConnect.cc:334
Resolving host 127.0.0.1, on port 30000
%MSG
%MSG-i _TCPConnect:  DAQ 30-Apr-2019 14:42:06 CDT Booted TCPConnect.cc:241
Resolving ip mu2edaq09
%MSG
%MSG-i configureMessageFacility:  DAQ 30-Apr-2019 14:42:06 CDT Booted configureMessageFacility.cc:286
Message Facility Application RunControlStateMachine configured with: debugModules:["*"] destinations:{file:{append:false directory:"/home/mu2etrk/test_stand/ots/srcs/otsdaq_mu2e_tracker/Data/Logs/RunControlStateMachine" pattern:"RunControlStateMachine-%?H%t-%p.log" seperator:"-" threshold:"DEBUG" timestamp_pattern:"%Y%m%d%H%M%S" type:"GenFile"} udp:{host:"127.0.0.1" port:30000 threshold:"DEBUG" type:"UDP"}}
%MSG
%MSG-i configureMessageFacility:  DAQ 30-Apr-2019 14:42:06 CDT Booted configureMessageFacility.cc:286
Message Facility Application CoreSupervisorBase configured with: debugModules:["*"] destinations:{file:{append:false directory:"/home/mu2etrk/test_stand/ots/srcs/otsdaq_mu2e_tracker/Data/Logs/CoreSupervisorBase" pattern:"CoreSupervisorBase-%?H%t-%p.log" seperator:"-" threshold:"DEBUG" timestamp_pattern:"%Y%m%d%H%M%S" type:"GenFile"} udp:{host:"127.0.0.1" port:30000 threshold:"DEBUG" type:"UDP"}}
%MSG
%MSG-i configureMessageFacility:  Early 30-Apr-2019 14:42:24 CDT pre-events configureMessageFacility.cc:286
Message Facility Application ROCCoreVInterface configured with: debugModules:["*"] destinations:{file:{append:false directory:"/home/mu2etrk/test_stand/ots/srcs/otsdaq_mu2e_tracker/Data/Logs/ROCCoreVInterface" pattern:"ROCCoreVInterface-%?H%t-%p.log" seperator:"-" threshold:"DEBUG" timestamp_pattern:"%Y%m%d%H%M%S" type:"GenFile"} udp:{host:"127.0.0.1" port:30000 threshold:"DEBUG" type:"UDP"}}
%MSG
%MSG-i FE-ROCCoreVInterface:  Early 30-Apr-2019 14:42:24 CDT pre-events
otsdaq_mu2e/otsdaq-mu2e/ROCCore/ROCCoreVInterface.cc [28]	ROCCoreVInterface instantiated with link: 0 and EventWindowDelayOffset = 0
%MSG
%MSG-i configureMessageFacility:  Early 30-Apr-2019 14:42:24 CDT pre-events configureMessageFacility.cc:286
Message Facility Application ROCPolarFireCoreInterface configured with: debugModules:["*"] destinations:{file:{append:false directory:"/home/mu2etrk/test_stand/ots/srcs/otsdaq_mu2e_tracker/Data/Logs/ROCPolarFireCoreInterface" pattern:"ROCPolarFireCoreInterface-%?H%t-%p.log" seperator:"-" threshold:"DEBUG" timestamp_pattern:"%Y%m%d%H%M%S" type:"GenFile"} udp:{host:"127.0.0.1" port:30000 threshold:"DEBUG" type:"UDP"}}
%MSG
%MSG-i FE-ROCPolarFireCoreInterface:  Early 30-Apr-2019 14:42:24 CDT pre-events
otsdaq_mu2e/otsdaq-mu2e/FEInterfaces/ROCPolarFireCoreInterface_interface.cc [19]	ROCPolarFireCoreInterface instantiated with link: 0 and EventWindowDelayOffset = 0
%MSG
%MSG-i configureMessageFacility:  Early 30-Apr-2019 14:42:24 CDT pre-events configureMessageFacility.cc:286
Message Facility Application ROCTrackerInterface configured with: debugModules:["*"] destinations:{file:{append:false directory:"/home/mu2etrk/test_stand/ots/srcs/otsdaq_mu2e_tracker/Data/Logs/ROCTrackerInterface" pattern:"ROCTrackerInterface-%?H%t-%p.log" seperator:"-" threshold:"DEBUG" timestamp_pattern:"%Y%m%d%H%M%S" type:"GenFile"} udp:{host:"127.0.0.1" port:30000 threshold:"DEBUG" type:"UDP"}}
%MSG
%MSG-i FE-ROCTrackerInterface:  Early 30-Apr-2019 14:42:24 CDT pre-events
otsdaq_mu2e_tracker/otsdaq-mu2e-tracker/FEInterfaces/ROCTrackerInterface_interface.cc [21]	ROCTrackerInterface instantiated with link: 0 and EventWindowDelayOffset = 0
%MSG
%MSG-i DTCFrontEndInterface:  Early 30-Apr-2019 14:42:24 CDT pre-events
otsdaq_mu2e/otsdaq-mu2e/FEInterfaces/DTCFrontEndInterface_interface.cc [131]	DTCFrontEndInterface instantiated with name: DTC0 dtc_location_in_chain_ = 0 talking to /dev/mu2e0
%MSG
%MSG-i DTCFrontEndInterface:  Early 30-Apr-2019 14:42:24 CDT pre-events
otsdaq_mu2e/otsdaq-mu2e/FEInterfaces/DTCFrontEndInterface_interface.cc [846]	Step 0: DTC0 reset FPGA...
%MSG
%MSG-i DTCFrontEndInterface:  Early 30-Apr-2019 14:42:27 CDT pre-events
otsdaq_mu2e/otsdaq-mu2e/FEInterfaces/DTCFrontEndInterface_interface.cc [854]	............. firmware version 19042910
%MSG
%MSG-i DTCFrontEndInterface:  Early 30-Apr-2019 14:42:27 CDT pre-events
otsdaq_mu2e/otsdaq-mu2e/FEInterfaces/DTCFrontEndInterface_interface.cc [867]	Step 1: DTC0 reset clock...
%MSG
%MSG-i DTCFrontEndInterface:  Early 30-Apr-2019 14:42:37 CDT pre-events
otsdaq_mu2e/otsdaq-mu2e/FEInterfaces/DTCFrontEndInterface_interface.cc [912]	Step 2: DTC0 configure Jitter Attenuator...
%MSG
%MSG-i DTCFrontEndInterface:  Early 30-Apr-2019 14:42:42 CDT pre-events
otsdaq_mu2e/otsdaq-mu2e/FEInterfaces/DTCFrontEndInterface_interface.cc [932]	Step 3: DTC0 enable CFO emulation and internal clock
%MSG
%MSG-i DTCFrontEndInterface:  Early 30-Apr-2019 14:42:42 CDT pre-events
otsdaq_mu2e/otsdaq-mu2e/FEInterfaces/DTCFrontEndInterface_interface.cc [980]	Step 4: DTC0 wait for links...
%MSG
%MSG-i DTCFrontEndInterface:  Early 30-Apr-2019 14:43:01 CDT pre-events
otsdaq_mu2e/otsdaq-mu2e/FEInterfaces/DTCFrontEndInterface_interface.cc [1020]	Step 5: DTC0 enable markers, Tx, Rx
%MSG
%MSG-i DTCFrontEndInterface:  Early 30-Apr-2019 14:43:01 CDT pre-events
otsdaq_mu2e/otsdaq-mu2e/FEInterfaces/DTCFrontEndInterface_interface.cc [1042]	Step 5: DTC0 configure ROCs
%MSG
%MSG-i FE-ROCPolarFireCoreInterface:  Early 30-Apr-2019 14:43:01 CDT pre-events
otsdaq_mu2e/otsdaq-mu2e/FEInterfaces/ROCPolarFireCoreInterface_interface.cc [153]	......... setup to synchronize ROC clock with 40 MHz clock edge
%MSG
%MSG-i FE-ROCPolarFireCoreInterface:  Early 30-Apr-2019 14:43:01 CDT pre-events
otsdaq_mu2e/otsdaq-mu2e/FEInterfaces/ROCPolarFireCoreInterface_interface.cc [161]	......... Set delay = 0, readback = 0... 
%MSG
%MSG-i FE-ROCPolarFireCoreInterface:  Early 30-Apr-2019 14:43:02 CDT pre-events
otsdaq_mu2e/otsdaq-mu2e/FEInterfaces/ROCPolarFireCoreInterface_interface.cc [188]	......... reset DTC link loss counter ... 
%MSG
%MSG-i DTCFrontEndInterface:  Early 30-Apr-2019 14:43:03 CDT pre-events
otsdaq_mu2e/otsdaq-mu2e/FEInterfaces/DTCFrontEndInterface_interface.cc [1055]	Step 6: CFO emulation enable Event start characters and event window interval
%MSG
%MSG-i DTCFrontEndInterface:  Early 30-Apr-2019 14:43:03 CDT pre-events
otsdaq_mu2e/otsdaq-mu2e/FEInterfaces/DTCFrontEndInterface_interface.cc [1070]	Step 6: DTC0 configured
%MSG
%MSG-i DTCFrontEndInterface:  Early 30-Apr-2019 14:43:03 CDT pre-events
otsdaq_mu2e/otsdaq-mu2e/FEInterfaces/DTCFrontEndInterface_interface.cc [1075]	DTC0 links OK 0xc1
%MSG
%MSG-i DTCFrontEndInterface:  Early 30-Apr-2019 14:43:07 CDT pre-events
otsdaq_mu2e/otsdaq-mu2e/FEInterfaces/DTCFrontEndInterface_interface.cc [1195]	.... ROC0-DTC link lost 0 times
%MSG
%MSG-d FE-ROCTrackerInterface:  Early 30-Apr-2019 14:43:07 CDT pre-events
otsdaq_mu2e_tracker/otsdaq-mu2e-tracker/FEInterfaces/ROCTrackerInterface_interface.cc [209]	DTC0_ROC0_Tracker :	 read register 6 3 times
%MSG
%MSG-d FE-ROCTrackerInterface:  Early 30-Apr-2019 14:43:07 CDT pre-events
otsdaq_mu2e_tracker/otsdaq-mu2e-tracker/FEInterfaces/ROCTrackerInterface_interface.cc [209]	DTC0_ROC0_Tracker :	 read register 7 58 times
%MSG
%MSG-d FE-ROCTrackerInterface:  Early 30-Apr-2019 14:43:07 CDT pre-events
otsdaq_mu2e_tracker/otsdaq-mu2e-tracker/FEInterfaces/ROCTrackerInterface_interface.cc [209]	DTC0_ROC0_Tracker :	 read register 6 14 times
%MSG
%MSG-d FE-ROCTrackerInterface:  Early 30-Apr-2019 14:43:07 CDT pre-events
otsdaq_mu2e_tracker/otsdaq-mu2e-tracker/FEInterfaces/ROCTrackerInterface_interface.cc [209]	DTC0_ROC0_Tracker :	 read register 7 25 times
%MSG
%MSG-d FE-ROCTrackerInterface:  Early 30-Apr-2019 14:43:07 CDT pre-events
otsdaq_mu2e_tracker/otsdaq-mu2e-tracker/FEInterfaces/ROCTrackerInterface_interface.cc [209]	DTC0_ROC0_Tracker :	 read register 6 98 times
%MSG
%MSG-d FE-ROCTrackerInterface:  Early 30-Apr-2019 14:43:07 CDT pre-events
otsdaq_mu2e_tracker/otsdaq-mu2e-tracker/FEInterfaces/ROCTrackerInterface_interface.cc [209]	DTC0_ROC0_Tracker :	 read register 7 53 times
%MSG
%MSG-d FE-ROCTrackerInterface:  Early 30-Apr-2019 14:43:07 CDT pre-events
otsdaq_mu2e_tracker/otsdaq-mu2e-tracker/FEInterfaces/ROCTrackerInterface_interface.cc [209]	DTC0_ROC0_Tracker :	 read register 6 60 times
%MSG
%MSG-d FE-ROCTrackerInterface:  Early 30-Apr-2019 14:43:07 CDT pre-events
otsdaq_mu2e_tracker/otsdaq-mu2e-tracker/FEInterfaces/ROCTrackerInterface_interface.cc [209]	DTC0_ROC0_Tracker :	 read register 7 6 times
%MSG
%MSG-d FE-ROCTrackerInterface:  Early 30-Apr-2019 14:43:07 CDT pre-events
otsdaq_mu2e_tracker/otsdaq-mu2e-tracker/FEInterfaces/ROCTrackerInterface_interface.cc [209]	DTC0_ROC0_Tracker :	 read register 6 99 times
%MSG
%MSG-d FE-ROCTrackerInterface:  Early 30-Apr-2019 14:43:07 CDT pre-events
otsdaq_mu2e_tracker/otsdaq-mu2e-tracker/FEInterfaces/ROCTrackerInterface_interface.cc [209]	DTC0_ROC0_Tracker :	 read register 7 72 times
%MSG
%MSG-d FE-ROCTrackerInterface:  Early 30-Apr-2019 14:43:07 CDT pre-events
otsdaq_mu2e_tracker/otsdaq-mu2e-tracker/FEInterfaces/ROCTrackerInterface_interface.cc [209]	DTC0_ROC0_Tracker :	 read register 6 95 times
%MSG
%MSG-d FE-ROCTrackerInterface:  Early 30-Apr-2019 14:43:07 CDT pre-events
otsdaq_mu2e_tracker/otsdaq-mu2e-tracker/FEInterfaces/ROCTrackerInterface_interface.cc [209]	DTC0_ROC0_Tracker :	 read register 7 44 times
%MSG
%MSG-d FE-ROCTrackerInterface:  Early 30-Apr-2019 14:43:07 CDT pre-events
otsdaq_mu2e_tracker/otsdaq-mu2e-tracker/FEInterfaces/ROCTrackerInterface_interface.cc [209]	DTC0_ROC0_Tracker :	 read register 6 71 times
%MSG
%MSG-d FE-ROCTrackerInterface:  Early 30-Apr-2019 14:43:07 CDT pre-events
otsdaq_mu2e_tracker/otsdaq-mu2e-tracker/FEInterfaces/ROCTrackerInterface_interface.cc [209]	DTC0_ROC0_Tracker :	 read register 7 12 times
%MSG
%MSG-d FE-ROCTrackerInterface:  Early 30-Apr-2019 14:43:07 CDT pre-events
otsdaq_mu2e_tracker/otsdaq-mu2e-tracker/FEInterfaces/ROCTrackerInterface_interface.cc [209]	DTC0_ROC0_Tracker :	 read register 6 98 times
%MSG
%MSG-d FE-ROCTrackerInterface:  Early 30-Apr-2019 14:43:07 CDT pre-events
otsdaq_mu2e_tracker/otsdaq-mu2e-tracker/FEInterfaces/ROCTrackerInterface_interface.cc [209]	DTC0_ROC0_Tracker :	 read register 7 43 times
%MSG
%MSG-d FE-ROCTrackerInterface:  Early 30-Apr-2019 14:43:07 CDT pre-events
otsdaq_mu2e_tracker/otsdaq-mu2e-tracker/FEInterfaces/ROCTrackerInterface_interface.cc [209]	DTC0_ROC0_Tracker :	 read register 6 98 times
%MSG
%MSG-d FE-ROCTrackerInterface:  Early 30-Apr-2019 14:43:07 CDT pre-events
otsdaq_mu2e_tracker/otsdaq-mu2e-tracker/FEInterfaces/ROCTrackerInterface_interface.cc [209]	DTC0_ROC0_Tracker :	 read register 7 16 times
%MSG
%MSG-d FE-ROCTrackerInterface:  Early 30-Apr-2019 14:43:07 CDT pre-events
otsdaq_mu2e_tracker/otsdaq-mu2e-tracker/FEInterfaces/ROCTrackerInterface_interface.cc [209]	DTC0_ROC0_Tracker :	 read register 6 8 times
%MSG
%MSG-d FE-ROCTrackerInterface:  Early 30-Apr-2019 14:43:07 CDT pre-events
otsdaq_mu2e_tracker/otsdaq-mu2e-tracker/FEInterfaces/ROCTrackerInterface_interface.cc [209]	DTC0_ROC0_Tracker :	 read register 7 43 times
%MSG
%MSG-d FE-ROCTrackerInterface:  Early 30-Apr-2019 14:43:07 CDT pre-events
otsdaq_mu2e_tracker/otsdaq-mu2e-tracker/FEInterfaces/ROCTrackerInterface_interface.cc [209]	DTC0_ROC0_Tracker :	 read register 6 42 times
%MSG
%MSG-d FE-ROCTrackerInterface:  Early 30-Apr-2019 14:43:07 CDT pre-events
otsdaq_mu2e_tracker/otsdaq-mu2e-tracker/FEInterfaces/ROCTrackerInterface_interface.cc [209]	DTC0_ROC0_Tracker :	 read register 7 88 times
%MSG
%MSG-d FE-ROCTrackerInterface:  Early 30-Apr-2019 14:43:07 CDT pre-events
otsdaq_mu2e_tracker/otsdaq-mu2e-tracker/FEInterfaces/ROCTrackerInterface_interface.cc [209]	DTC0_ROC0_Tracker :	 read register 6 15 times
%MSG
%MSG-d FE-ROCTrackerInterface:  Early 30-Apr-2019 14:43:07 CDT pre-events
otsdaq_mu2e_tracker/otsdaq-mu2e-tracker/FEInterfaces/ROCTrackerInterface_interface.cc [209]	DTC0_ROC0_Tracker :	 read register 7 63 times
%MSG
%MSG-d FE-ROCTrackerInterface:  Early 30-Apr-2019 14:43:07 CDT pre-events
otsdaq_mu2e_tracker/otsdaq-mu2e-tracker/FEInterfaces/ROCTrackerInterface_interface.cc [209]	DTC0_ROC0_Tracker :	 read register 6 87 times
%MSG
%MSG-d FE-ROCTrackerInterface:  Early 30-Apr-2019 14:43:07 CDT pre-events
otsdaq_mu2e_tracker/otsdaq-mu2e-tracker/FEInterfaces/ROCTrackerInterface_interface.cc [209]	DTC0_ROC0_Tracker :	 read register 7 13 times
%MSG
%MSG-d FE-ROCTrackerInterface:  Early 30-Apr-2019 14:43:07 CDT pre-events
otsdaq_mu2e_tracker/otsdaq-mu2e-tracker/FEInterfaces/ROCTrackerInterface_interface.cc [209]	DTC0_ROC0_Tracker :	 read register 6 66 times
%MSG
%MSG-d FE-ROCTrackerInterface:  Early 30-Apr-2019 14:43:07 CDT pre-events
otsdaq_mu2e_tracker/otsdaq-mu2e-tracker/FEInterfaces/ROCTrackerInterface_interface.cc [209]	DTC0_ROC0_Tracker :	 read register 7 91 times
%MSG
%MSG-d FE-ROCTrackerInterface:  Early 30-Apr-2019 14:43:07 CDT pre-events
otsdaq_mu2e_tracker/otsdaq-mu2e-tracker/FEInterfaces/ROCTrackerInterface_interface.cc [209]	DTC0_ROC0_Tracker :	 read register 6 3 times
%MSG
%MSG-d FE-ROCTrackerInterface:  Early 30-Apr-2019 14:43:07 CDT pre-events
otsdaq_mu2e_tracker/otsdaq-mu2e-tracker/FEInterfaces/ROCTrackerInterface_interface.cc [209]	DTC0_ROC0_Tracker :	 read register 7 75 times
%MSG
%MSG-d FE-ROCTrackerInterface:  Early 30-Apr-2019 14:43:07 CDT pre-events
otsdaq_mu2e_tracker/otsdaq-mu2e-tracker/FEInterfaces/ROCTrackerInterface_interface.cc [209]	DTC0_ROC0_Tracker :	 read register 6 61 times
%MSG
%MSG-d FE-ROCTrackerInterface:  Early 30-Apr-2019 14:43:07 CDT pre-events
otsdaq_mu2e_tracker/otsdaq-mu2e-tracker/FEInterfaces/ROCTrackerInterface_interface.cc [209]	DTC0_ROC0_Tracker :	 read register 7 86 times
%MSG
%MSG-d FE-ROCTrackerInterface:  Early 30-Apr-2019 14:43:07 CDT pre-events
otsdaq_mu2e_tracker/otsdaq-mu2e-tracker/FEInterfaces/ROCTrackerInterface_interface.cc [209]	DTC0_ROC0_Tracker :	 read register 6 85 times
%MSG
%MSG-d FE-ROCTrackerInterface:  Early 30-Apr-2019 14:43:07 CDT pre-events
otsdaq_mu2e_tracker/otsdaq-mu2e-tracker/FEInterfaces/ROCTrackerInterface_interface.cc [209]	DTC0_ROC0_Tracker :	 read register 7 74 times
%MSG
%MSG-d FE-ROCTrackerInterface:  Early 30-Apr-2019 14:43:07 CDT pre-events
otsdaq_mu2e_tracker/otsdaq-mu2e-tracker/FEInterfaces/ROCTrackerInterface_interface.cc [209]	DTC0_ROC0_Tracker :	 read register 6 62 times
%MSG
%MSG-d FE-ROCTrackerInterface:  Early 30-Apr-2019 14:43:07 CDT pre-events
otsdaq_mu2e_tracker/otsdaq-mu2e-tracker/FEInterfaces/ROCTrackerInterface_interface.cc [209]	DTC0_ROC0_Tracker :	 read register 7 82 times
%MSG
%MSG-d FE-ROCTrackerInterface:  Early 30-Apr-2019 14:43:07 CDT pre-events
otsdaq_mu2e_tracker/otsdaq-mu2e-tracker/FEInterfaces/ROCTrackerInterface_interface.cc [209]	DTC0_ROC0_Tracker :	 read register 6 26 times
%MSG
%MSG-d FE-ROCTrackerInterface:  Early 30-Apr-2019 14:43:07 CDT pre-events
otsdaq_mu2e_tracker/otsdaq-mu2e-tracker/FEInterfaces/ROCTrackerInterface_interface.cc [209]	DTC0_ROC0_Tracker :	 read register 7 73 times
%MSG
%MSG-d FE-ROCTrackerInterface:  Early 30-Apr-2019 14:43:07 CDT pre-events
otsdaq_mu2e_tracker/otsdaq-mu2e-tracker/FEInterfaces/ROCTrackerInterface_interface.cc [209]	DTC0_ROC0_Tracker :	 read register 6 87 times
%MSG
%MSG-d FE-ROCTrackerInterface:  Early 30-Apr-2019 14:43:07 CDT pre-events
otsdaq_mu2e_tracker/otsdaq-mu2e-tracker/FEInterfaces/ROCTrackerInterface_interface.cc [209]	DTC0_ROC0_Tracker :	 read register 7 77 times
%MSG
%MSG-d FE-ROCTrackerInterface:  Early 30-Apr-2019 14:43:07 CDT pre-events
otsdaq_mu2e_tracker/otsdaq-mu2e-tracker/FEInterfaces/ROCTrackerInterface_interface.cc [209]	DTC0_ROC0_Tracker :	 read register 6 44 times
%MSG
%MSG-d FE-ROCTrackerInterface:  Early 30-Apr-2019 14:43:07 CDT pre-events
otsdaq_mu2e_tracker/otsdaq-mu2e-tracker/FEInterfaces/ROCTrackerInterface_interface.cc [209]	DTC0_ROC0_Tracker :	 read register 7 33 times
%MSG
%MSG-d FE-ROCTrackerInterface:  Early 30-Apr-2019 14:43:07 CDT pre-events
otsdaq_mu2e_tracker/otsdaq-mu2e-tracker/FEInterfaces/ROCTrackerInterface_interface.cc [209]	DTC0_ROC0_Tracker :	 read register 6 20 times
%MSG
%MSG-d FE-ROCTrackerInterface:  Early 30-Apr-2019 14:43:07 CDT pre-events
otsdaq_mu2e_tracker/otsdaq-mu2e-tracker/FEInterfaces/ROCTrackerInterface_interface.cc [209]	DTC0_ROC0_Tracker :	 read register 7 15 times
%MSG
%MSG-d FE-ROCTrackerInterface:  Early 30-Apr-2019 14:43:07 CDT pre-events
otsdaq_mu2e_tracker/otsdaq-mu2e-tracker/FEInterfaces/ROCTrackerInterface_interface.cc [209]	DTC0_ROC0_Tracker :	 read register 6 44 times
%MSG
%MSG-d FE-ROCTrackerInterface:  Early 30-Apr-2019 14:43:07 CDT pre-events
otsdaq_mu2e_tracker/otsdaq-mu2e-tracker/FEInterfaces/ROCTrackerInterface_interface.cc [209]	DTC0_ROC0_Tracker :	 read register 7 69 times
%MSG
%MSG-d FE-ROCTrackerInterface:  Early 30-Apr-2019 14:43:07 CDT pre-events
otsdaq_mu2e_tracker/otsdaq-mu2e-tracker/FEInterfaces/ROCTrackerInterface_interface.cc [209]	DTC0_ROC0_Tracker :	 read register 6 9 times
%MSG
%MSG-d FE-ROCTrackerInterface:  Early 30-Apr-2019 14:43:07 CDT pre-events
otsdaq_mu2e_tracker/otsdaq-mu2e-tracker/FEInterfaces/ROCTrackerInterface_interface.cc [209]	DTC0_ROC0_Tracker :	 read register 7 94 times
%MSG
%MSG-d FE-ROCTrackerInterface:  Early 30-Apr-2019 14:43:07 CDT pre-events
otsdaq_mu2e_tracker/otsdaq-mu2e-tracker/FEInterfaces/ROCTrackerInterface_interface.cc [209]	DTC0_ROC0_Tracker :	 read register 6 84 times
%MSG
%MSG-d FE-ROCTrackerInterface:  Early 30-Apr-2019 14:43:07 CDT pre-events
otsdaq_mu2e_tracker/otsdaq-mu2e-tracker/FEInterfaces/ROCTrackerInterface_interface.cc [209]	DTC0_ROC0_Tracker :	 read register 7 16 times
%MSG
%MSG-d FE-ROCTrackerInterface:  Early 30-Apr-2019 14:43:07 CDT pre-events
otsdaq_mu2e_tracker/otsdaq-mu2e-tracker/FEInterfaces/ROCTrackerInterface_interface.cc [209]	DTC0_ROC0_Tracker :	 read register 6 36 times
%MSG
%MSG-d FE-ROCTrackerInterface:  Early 30-Apr-2019 14:43:07 CDT pre-events
otsdaq_mu2e_tracker/otsdaq-mu2e-tracker/FEInterfaces/ROCTrackerInterface_interface.cc [209]	DTC0_ROC0_Tracker :	 read register 7 25 times
%MSG
%MSG-d FE-ROCTrackerInterface:  Early 30-Apr-2019 14:43:07 CDT pre-events
otsdaq_mu2e_tracker/otsdaq-mu2e-tracker/FEInterfaces/ROCTrackerInterface_interface.cc [209]	DTC0_ROC0_Tracker :	 read register 6 56 times
%MSG
%MSG-d FE-ROCTrackerInterface:  Early 30-Apr-2019 14:43:07 CDT pre-events
otsdaq_mu2e_tracker/otsdaq-mu2e-tracker/FEInterfaces/ROCTrackerInterface_interface.cc [209]	DTC0_ROC0_Tracker :	 read register 7 3 times
%MSG
%MSG-d FE-ROCTrackerInterface:  Early 30-Apr-2019 14:43:07 CDT pre-events
otsdaq_mu2e_tracker/otsdaq-mu2e-tracker/FEInterfaces/ROCTrackerInterface_interface.cc [209]	DTC0_ROC0_Tracker :	 read register 6 39 times
%MSG
%MSG-d FE-ROCTrackerInterface:  Early 30-Apr-2019 14:43:07 CDT pre-events
otsdaq_mu2e_tracker/otsdaq-mu2e-tracker/FEInterfaces/ROCTrackerInterface_interface.cc [209]	DTC0_ROC0_Tracker :	 read register 7 42 times
%MSG
%MSG-d FE-ROCTrackerInterface:  Early 30-Apr-2019 14:43:07 CDT pre-events
otsdaq_mu2e_tracker/otsdaq-mu2e-tracker/FEInterfaces/ROCTrackerInterface_interface.cc [209]	DTC0_ROC0_Tracker :	 read register 6 67 times
%MSG
%MSG-d FE-ROCTrackerInterface:  Early 30-Apr-2019 14:43:07 CDT pre-events
otsdaq_mu2e_tracker/otsdaq-mu2e-tracker/FEInterfaces/ROCTrackerInterface_interface.cc [209]	DTC0_ROC0_Tracker :	 read register 7 56 times
%MSG
%MSG-d FE-ROCTrackerInterface:  Early 30-Apr-2019 14:43:07 CDT pre-events
otsdaq_mu2e_tracker/otsdaq-mu2e-tracker/FEInterfaces/ROCTrackerInterface_interface.cc [209]	DTC0_ROC0_Tracker :	 read register 6 84 times
%MSG
%MSG-d FE-ROCTrackerInterface:  Early 30-Apr-2019 14:43:07 CDT pre-events
otsdaq_mu2e_tracker/otsdaq-mu2e-tracker/FEInterfaces/ROCTrackerInterface_interface.cc [209]	DTC0_ROC0_Tracker :	 read register 7 69 times
%MSG
%MSG-d FE-ROCTrackerInterface:  Early 30-Apr-2019 14:43:07 CDT pre-events
otsdaq_mu2e_tracker/otsdaq-mu2e-tracker/FEInterfaces/ROCTrackerInterface_interface.cc [209]	DTC0_ROC0_Tracker :	 read register 6 31 times
%MSG
%MSG-d FE-ROCTrackerInterface:  Early 30-Apr-2019 14:43:07 CDT pre-events
otsdaq_mu2e_tracker/otsdaq-mu2e-tracker/FEInterfaces/ROCTrackerInterface_interface.cc [209]	DTC0_ROC0_Tracker :	 read register 7 44 times
%MSG
%MSG-d FE-ROCTrackerInterface:  Early 30-Apr-2019 14:43:07 CDT pre-events
otsdaq_mu2e_tracker/otsdaq-mu2e-tracker/FEInterfaces/ROCTrackerInterface_interface.cc [209]	DTC0_ROC0_Tracker :	 read register 6 6 times
%MSG
%MSG-d FE-ROCTrackerInterface:  Early 30-Apr-2019 14:43:07 CDT pre-events
otsdaq_mu2e_tracker/otsdaq-mu2e-tracker/FEInterfaces/ROCTrackerInterface_interface.cc [209]	DTC0_ROC0_Tracker :	 read register 7 15 times
%MSG
%MSG-d FE-ROCTrackerInterface:  Early 30-Apr-2019 14:43:07 CDT pre-events
otsdaq_mu2e_tracker/otsdaq-mu2e-tracker/FEInterfaces/ROCTrackerInterface_interface.cc [209]	DTC0_ROC0_Tracker :	 read register 6 70 times
%MSG
%MSG-d FE-ROCTrackerInterface:  Early 30-Apr-2019 14:43:07 CDT pre-events
otsdaq_mu2e_tracker/otsdaq-mu2e-tracker/FEInterfaces/ROCTrackerInterface_interface.cc [209]	DTC0_ROC0_Tracker :	 read register 7 19 times
%MSG
%MSG-d FE-ROCTrackerInterface:  Early 30-Apr-2019 14:43:07 CDT pre-events
otsdaq_mu2e_tracker/otsdaq-mu2e-tracker/FEInterfaces/ROCTrackerInterface_interface.cc [209]	DTC0_ROC0_Tracker :	 read register 6 96 times
%MSG
%MSG-d FE-ROCTrackerInterface:  Early 30-Apr-2019 14:43:07 CDT pre-events
otsdaq_mu2e_tracker/otsdaq-mu2e-tracker/FEInterfaces/ROCTrackerInterface_interface.cc [209]	DTC0_ROC0_Tracker :	 read register 7 47 times
%MSG
%MSG-d FE-ROCTrackerInterface:  Early 30-Apr-2019 14:43:07 CDT pre-events
otsdaq_mu2e_tracker/otsdaq-mu2e-tracker/FEInterfaces/ROCTrackerInterface_interface.cc [209]	DTC0_ROC0_Tracker :	 read register 6 91 times
%MSG
%MSG-d FE-ROCTrackerInterface:  Early 30-Apr-2019 14:43:07 CDT pre-events
otsdaq_mu2e_tracker/otsdaq-mu2e-tracker/FEInterfaces/ROCTrackerInterface_interface.cc [209]	DTC0_ROC0_Tracker :	 read register 7 35 times
%MSG
%MSG-d FE-ROCTrackerInterface:  Early 30-Apr-2019 14:43:07 CDT pre-events
otsdaq_mu2e_tracker/otsdaq-mu2e-tracker/FEInterfaces/ROCTrackerInterface_interface.cc [209]	DTC0_ROC0_Tracker :	 read register 6 23 times
%MSG
%MSG-d FE-ROCTrackerInterface:  Early 30-Apr-2019 14:43:07 CDT pre-events
otsdaq_mu2e_tracker/otsdaq-mu2e-tracker/FEInterfaces/ROCTrackerInterface_interface.cc [209]	DTC0_ROC0_Tracker :	 read register 7 35 times
%MSG
%MSG-d FE-ROCTrackerInterface:  Early 30-Apr-2019 14:43:07 CDT pre-events
otsdaq_mu2e_tracker/otsdaq-mu2e-tracker/FEInterfaces/ROCTrackerInterface_interface.cc [209]	DTC0_ROC0_Tracker :	 read register 6 19 times
%MSG
%MSG-d FE-ROCTrackerInterface:  Early 30-Apr-2019 14:43:07 CDT pre-events
otsdaq_mu2e_tracker/otsdaq-mu2e-tracker/FEInterfaces/ROCTrackerInterface_interface.cc [209]	DTC0_ROC0_Tracker :	 read register 7 94 times
%MSG
%MSG-d FE-ROCTrackerInterface:  Early 30-Apr-2019 14:43:07 CDT pre-events
otsdaq_mu2e_tracker/otsdaq-mu2e-tracker/FEInterfaces/ROCTrackerInterface_interface.cc [209]	DTC0_ROC0_Tracker :	 read register 6 1 times
%MSG
%MSG-d FE-ROCTrackerInterface:  Early 30-Apr-2019 14:43:07 CDT pre-events
otsdaq_mu2e_tracker/otsdaq-mu2e-tracker/FEInterfaces/ROCTrackerInterface_interface.cc [209]	DTC0_ROC0_Tracker :	 read register 7 63 times
%MSG
%MSG-d FE-ROCTrackerInterface:  Early 30-Apr-2019 14:43:07 CDT pre-events
otsdaq_mu2e_tracker/otsdaq-mu2e-tracker/FEInterfaces/ROCTrackerInterface_interface.cc [209]	DTC0_ROC0_Tracker :	 read register 6 63 times
%MSG
%MSG-d FE-ROCTrackerInterface:  Early 30-Apr-2019 14:43:07 CDT pre-events
otsdaq_mu2e_tracker/otsdaq-mu2e-tracker/FEInterfaces/ROCTrackerInterface_interface.cc [209]	DTC0_ROC0_Tracker :	 read register 7 61 times
%MSG
%MSG-d FE-ROCTrackerInterface:  Early 30-Apr-2019 14:43:07 CDT pre-events
otsdaq_mu2e_tracker/otsdaq-mu2e-tracker/FEInterfaces/ROCTrackerInterface_interface.cc [209]	DTC0_ROC0_Tracker :	 read register 6 56 times
%MSG
%MSG-d FE-ROCTrackerInterface:  Early 30-Apr-2019 14:43:07 CDT pre-events
otsdaq_mu2e_tracker/otsdaq-mu2e-tracker/FEInterfaces/ROCTrackerInterface_interface.cc [209]	DTC0_ROC0_Tracker :	 read register 7 46 times
%MSG
%MSG-d FE-ROCTrackerInterface:  Early 30-Apr-2019 14:43:07 CDT pre-events
otsdaq_mu2e_tracker/otsdaq-mu2e-tracker/FEInterfaces/ROCTrackerInterface_interface.cc [209]	DTC0_ROC0_Tracker :	 read register 6 29 times
%MSG
%MSG-d FE-ROCTrackerInterface:  Early 30-Apr-2019 14:43:07 CDT pre-events
otsdaq_mu2e_tracker/otsdaq-mu2e-tracker/FEInterfaces/ROCTrackerInterface_interface.cc [209]	DTC0_ROC0_Tracker :	 read register 7 43 times
%MSG
%MSG-d FE-ROCTrackerInterface:  Early 30-Apr-2019 14:43:07 CDT pre-events
otsdaq_mu2e_tracker/otsdaq-mu2e-tracker/FEInterfaces/ROCTrackerInterface_interface.cc [225]	... fail on read 0:  read = 4860, expected = 0
%MSG
%MSG-d FE-ROCTrackerInterface:  Early 30-Apr-2019 14:43:07 CDT pre-events
otsdaq_mu2e_tracker/otsdaq-mu2e-tracker/FEInterfaces/ROCTrackerInterface_interface.cc [225]	... fail on read 1:  read = 4860, expected = 0
%MSG
%MSG-d FE-ROCTrackerInterface:  Early 30-Apr-2019 14:43:07 CDT pre-events
otsdaq_mu2e_tracker/otsdaq-mu2e-tracker/FEInterfaces/ROCTrackerInterface_interface.cc [225]	... fail on read 2:  read = 4860, expected = 0
%MSG
%MSG-d FE-ROCTrackerInterface:  Early 30-Apr-2019 14:43:07 CDT pre-events
otsdaq_mu2e_tracker/otsdaq-mu2e-tracker/FEInterfaces/ROCTrackerInterface_interface.cc [225]	... fail on read 3:  read = 4860, expected = 0
%MSG
%MSG-d FE-ROCTrackerInterface:  Early 30-Apr-2019 14:43:07 CDT pre-events
otsdaq_mu2e_tracker/otsdaq-mu2e-tracker/FEInterfaces/ROCTrackerInterface_interface.cc [225]	... fail on read 4:  read = 4860, expected = 0
%MSG
%MSG-d FE-ROCTrackerInterface:  Early 30-Apr-2019 14:43:07 CDT pre-events
otsdaq_mu2e_tracker/otsdaq-mu2e-tracker/FEInterfaces/ROCTrackerInterface_interface.cc [225]	... fail on read 5:  read = 4860, expected = 0
%MSG
%MSG-d FE-ROCTrackerInterface:  Early 30-Apr-2019 14:43:07 CDT pre-events
otsdaq_mu2e_tracker/otsdaq-mu2e-tracker/FEInterfaces/ROCTrackerInterface_interface.cc [225]	... fail on read 6:  read = 4860, expected = 0
%MSG
%MSG-d FE-ROCTrackerInterface:  Early 30-Apr-2019 14:43:07 CDT pre-events
otsdaq_mu2e_tracker/otsdaq-mu2e-tracker/FEInterfaces/ROCTrackerInterface_interface.cc [225]	... fail on read 7:  read = 4860, expected = 0
%MSG
%MSG-d FE-ROCTrackerInterface:  Early 30-Apr-2019 14:43:07 CDT pre-events
otsdaq_mu2e_tracker/otsdaq-mu2e-tracker/FEInterfaces/ROCTrackerInterface_interface.cc [225]	... fail on read 8:  read = 4860, expected = 0
%MSG
%MSG-d FE-ROCTrackerInterface:  Early 30-Apr-2019 14:43:07 CDT pre-events
otsdaq_mu2e_tracker/otsdaq-mu2e-tracker/FEInterfaces/ROCTrackerInterface_interface.cc [225]	... fail on read 9:  read = 4860, expected = 0
%MSG
%MSG-d FE-ROCTrackerInterface:  Early 30-Apr-2019 14:43:07 CDT pre-events
otsdaq_mu2e_tracker/otsdaq-mu2e-tracker/FEInterfaces/ROCTrackerInterface_interface.cc [225]	... fail on read 10:  read = 4860, expected = 0
%MSG
%MSG-d FE-ROCTrackerInterface:  Early 30-Apr-2019 14:43:07 CDT pre-events
otsdaq_mu2e_tracker/otsdaq-mu2e-tracker/FEInterfaces/ROCTrackerInterface_interface.cc [225]	... fail on read 11:  read = 4860, expected = 0
%MSG
%MSG-d FE-ROCTrackerInterface:  Early 30-Apr-2019 14:43:07 CDT pre-events
otsdaq_mu2e_tracker/otsdaq-mu2e-tracker/FEInterfaces/ROCTrackerInterface_interface.cc [225]	... fail on read 12:  read = 4860, expected = 0
%MSG
%MSG-d FE-ROCTrackerInterface:  Early 30-Apr-2019 14:43:07 CDT pre-events
otsdaq_mu2e_tracker/otsdaq-mu2e-tracker/FEInterfaces/ROCTrackerInterface_interface.cc [225]	... fail on read 13:  read = 4860, expected = 0
%MSG
%MSG-d FE-ROCTrackerInterface:  Early 30-Apr-2019 14:43:07 CDT pre-events
otsdaq_mu2e_tracker/otsdaq-mu2e-tracker/FEInterfaces/ROCTrackerInterface_interface.cc [225]	... fail on read 14:  read = 4860, expected = 0
%MSG
%MSG-d FE-ROCTrackerInterface:  Early 30-Apr-2019 14:43:07 CDT pre-events
otsdaq_mu2e_tracker/otsdaq-mu2e-tracker/FEInterfaces/ROCTrackerInterface_interface.cc [225]	... fail on read 15:  read = 4860, expected = 0
%MSG
%MSG-d FE-ROCTrackerInterface:  Early 30-Apr-2019 14:43:07 CDT pre-events
otsdaq_mu2e_tracker/otsdaq-mu2e-tracker/FEInterfaces/ROCTrackerInterface_interface.cc [225]	... fail on read 16:  read = 4860, expected = 0
%MSG
%MSG-d FE-ROCTrackerInterface:  Early 30-Apr-2019 14:43:07 CDT pre-events
otsdaq_mu2e_tracker/otsdaq-mu2e-tracker/FEInterfaces/ROCTrackerInterface_interface.cc [225]	... fail on read 17:  read = 4860, expected = 0
%MSG
%MSG-d FE-ROCTrackerInterface:  Early 30-Apr-2019 14:43:07 CDT pre-events
otsdaq_mu2e_tracker/otsdaq-mu2e-tracker/FEInterfaces/ROCTrackerInterface_interface.cc [225]	... fail on read 18:  read = 4860, expected = 0
%MSG
%MSG-d FE-ROCTrackerInterface:  Early 30-Apr-2019 14:43:07 CDT pre-events
otsdaq_mu2e_tracker/otsdaq-mu2e-tracker/FEInterfaces/ROCTrackerInterface_interface.cc [225]	... fail on read 19:  read = 4860, expected = 0
%MSG
%MSG-d FE-ROCTrackerInterface:  Early 30-Apr-2019 14:43:07 CDT pre-events
otsdaq_mu2e_tracker/otsdaq-mu2e-tracker/FEInterfaces/ROCTrackerInterface_interface.cc [225]	... fail on read 20:  read = 4860, expected = 0
%MSG
%MSG-d FE-ROCTrackerInterface:  Early 30-Apr-2019 14:43:07 CDT pre-events
otsdaq_mu2e_tracker/otsdaq-mu2e-tracker/FEInterfaces/ROCTrackerInterface_interface.cc [225]	... fail on read 21:  read = 4860, expected = 0
%MSG
%MSG-d FE-ROCTrackerInterface:  Early 30-Apr-2019 14:43:07 CDT pre-events
otsdaq_mu2e_tracker/otsdaq-mu2e-tracker/FEInterfaces/ROCTrackerInterface_interface.cc [225]	... fail on read 22:  read = 4860, expected = 0
%MSG
%MSG-d FE-ROCTrackerInterface:  Early 30-Apr-2019 14:43:07 CDT pre-events
otsdaq_mu2e_tracker/otsdaq-mu2e-tracker/FEInterfaces/ROCTrackerInterface_interface.cc [225]	... fail on read 23:  read = 4860, expected = 0
%MSG
%MSG-d FE-ROCTrackerInterface:  Early 30-Apr-2019 14:43:07 CDT pre-events
otsdaq_mu2e_tracker/otsdaq-mu2e-tracker/FEInterfaces/ROCTrackerInterface_interface.cc [225]	... fail on read 24:  read = 4860, expected = 0
%MSG
%MSG-d FE-ROCTrackerInterface:  Early 30-Apr-2019 14:43:07 CDT pre-events
otsdaq_mu2e_tracker/otsdaq-mu2e-tracker/FEInterfaces/ROCTrackerInterface_interface.cc [225]	... fail on read 25:  read = 4860, expected = 0
%MSG
%MSG-d FE-ROCTrackerInterface:  Early 30-Apr-2019 14:43:07 CDT pre-events
otsdaq_mu2e_tracker/otsdaq-mu2e-tracker/FEInterfaces/ROCTrackerInterface_interface.cc [225]	... fail on read 26:  read = 4860, expected = 0
%MSG
%MSG-d FE-ROCTrackerInterface:  Early 30-Apr-2019 14:43:07 CDT pre-events
otsdaq_mu2e_tracker/otsdaq-mu2e-tracker/FEInterfaces/ROCTrackerInterface_interface.cc [225]	... fail on read 27:  read = 4860, expected = 0
%MSG
%MSG-d FE-ROCTrackerInterface:  Early 30-Apr-2019 14:43:07 CDT pre-events
otsdaq_mu2e_tracker/otsdaq-mu2e-tracker/FEInterfaces/ROCTrackerInterface_interface.cc [225]	... fail on read 28:  read = 4860, expected = 0
%MSG
%MSG-d FE-ROCTrackerInterface:  Early 30-Apr-2019 14:43:07 CDT pre-events
otsdaq_mu2e_tracker/otsdaq-mu2e-tracker/FEInterfaces/ROCTrackerInterface_interface.cc [225]	... fail on read 29:  read = 12332, expected = 0
%MSG
%MSG-d FE-ROCTrackerInterface:  Early 30-Apr-2019 14:43:07 CDT pre-events
otsdaq_mu2e_tracker/otsdaq-mu2e-tracker/FEInterfaces/ROCTrackerInterface_interface.cc [225]	... fail on read 30:  read = 12664, expected = 0
%MSG
%MSG-d FE-ROCTrackerInterface:  Early 30-Apr-2019 14:43:07 CDT pre-events
otsdaq_mu2e_tracker/otsdaq-mu2e-tracker/FEInterfaces/ROCTrackerInterface_interface.cc [225]	... fail on read 31:  read = 26162, expected = 0
%MSG
%MSG-d FE-ROCTrackerInterface:  Early 30-Apr-2019 14:43:07 CDT pre-events
otsdaq_mu2e_tracker/otsdaq-mu2e-tracker/FEInterfaces/ROCTrackerInterface_interface.cc [225]	... fail on read 32:  read = 11363, expected = 0
%MSG
%MSG-d FE-ROCTrackerInterface:  Early 30-Apr-2019 14:43:07 CDT pre-events
otsdaq_mu2e_tracker/otsdaq-mu2e-tracker/FEInterfaces/ROCTrackerInterface_interface.cc [225]	... fail on read 33:  read = 30768, expected = 0
%MSG
%MSG-d FE-ROCTrackerInterface:  Early 30-Apr-2019 14:43:07 CDT pre-events
otsdaq_mu2e_tracker/otsdaq-mu2e-tracker/FEInterfaces/ROCTrackerInterface_interface.cc [225]	... fail on read 34:  read = 12849, expected = 0
%MSG
%MSG-d FE-ROCTrackerInterface:  Early 30-Apr-2019 14:43:07 CDT pre-events
otsdaq_mu2e_tracker/otsdaq-mu2e-tracker/FEInterfaces/ROCTrackerInterface_interface.cc [225]	... fail on read 35:  read = 25446, expected = 0
%MSG
%MSG-d FE-ROCTrackerInterface:  Early 30-Apr-2019 14:43:07 CDT pre-events
otsdaq_mu2e_tracker/otsdaq-mu2e-tracker/FEInterfaces/ROCTrackerInterface_interface.cc [225]	... fail on read 36:  read = 12332, expected = 0
%MSG
%MSG-d FE-ROCTrackerInterface:  Early 30-Apr-2019 14:43:07 CDT pre-events
otsdaq_mu2e_tracker/otsdaq-mu2e-tracker/FEInterfaces/ROCTrackerInterface_interface.cc [225]	... fail on read 37:  read = 12664, expected = 0
%MSG
%MSG-d FE-ROCTrackerInterface:  Early 30-Apr-2019 14:43:07 CDT pre-events
otsdaq_mu2e_tracker/otsdaq-mu2e-tracker/FEInterfaces/ROCTrackerInterface_interface.cc [225]	... fail on read 38:  read = 26162, expected = 0
%MSG
%MSG-d FE-ROCTrackerInterface:  Early 30-Apr-2019 14:43:07 CDT pre-events
otsdaq_mu2e_tracker/otsdaq-mu2e-tracker/FEInterfaces/ROCTrackerInterface_interface.cc [225]	... fail on read 39:  read = 23907, expected = 0
%MSG
%MSG-d FE-ROCTrackerInterface:  Early 30-Apr-2019 14:43:07 CDT pre-events
otsdaq_mu2e_tracker/otsdaq-mu2e-tracker/FEInterfaces/ROCTrackerInterface_interface.cc [225]	... fail on read 40:  read = 17277, expected = 0
%MSG
%MSG-d FE-ROCTrackerInterface:  Early 30-Apr-2019 14:43:07 CDT pre-events
otsdaq_mu2e_tracker/otsdaq-mu2e-tracker/FEInterfaces/ROCTrackerInterface_interface.cc [225]	... fail on read 41:  read = 29295, expected = 0
%MSG
%MSG-d FE-ROCTrackerInterface:  Early 30-Apr-2019 14:43:07 CDT pre-events
otsdaq_mu2e_tracker/otsdaq-mu2e-tracker/FEInterfaces/ROCTrackerInterface_interface.cc [225]	... fail on read 42:  read = 30066, expected = 0
%MSG
%MSG-d FE-ROCTrackerInterface:  Early 30-Apr-2019 14:43:07 CDT pre-events
otsdaq_mu2e_tracker/otsdaq-mu2e-tracker/FEInterfaces/ROCTrackerInterface_interface.cc [209]	DTC0_ROC0_Tracker :	 read register 6 23 times
%MSG
%MSG-d FE-ROCTrackerInterface:  Early 30-Apr-2019 14:43:07 CDT pre-events
otsdaq_mu2e_tracker/otsdaq-mu2e-tracker/FEInterfaces/ROCTrackerInterface_interface.cc [209]	DTC0_ROC0_Tracker :	 read register 7 84 times
%MSG
%MSG-d FE-ROCTrackerInterface:  Early 30-Apr-2019 14:43:07 CDT pre-events
otsdaq_mu2e_tracker/otsdaq-mu2e-tracker/FEInterfaces/ROCTrackerInterface_interface.cc [209]	DTC0_ROC0_Tracker :	 read register 6 97 times
%MSG
%MSG-d FE-ROCTrackerInterface:  Early 30-Apr-2019 14:43:07 CDT pre-events
otsdaq_mu2e_tracker/otsdaq-mu2e-tracker/FEInterfaces/ROCTrackerInterface_interface.cc [209]	DTC0_ROC0_Tracker :	 read register 7 13 times
%MSG
%MSG-d FE-ROCTrackerInterface:  Early 30-Apr-2019 14:43:07 CDT pre-events
otsdaq_mu2e_tracker/otsdaq-mu2e-tracker/FEInterfaces/ROCTrackerInterface_interface.cc [209]	DTC0_ROC0_Tracker :	 read register 6 77 times
%MSG
%MSG-d FE-ROCTrackerInterface:  Early 30-Apr-2019 14:43:07 CDT pre-events
otsdaq_mu2e_tracker/otsdaq-mu2e-tracker/FEInterfaces/ROCTrackerInterface_interface.cc [209]	DTC0_ROC0_Tracker :	 read register 7 64 times
%MSG
%MSG-d FE-ROCTrackerInterface:  Early 30-Apr-2019 14:43:07 CDT pre-events
otsdaq_mu2e_tracker/otsdaq-mu2e-tracker/FEInterfaces/ROCTrackerInterface_interface.cc [209]	DTC0_ROC0_Tracker :	 read register 6 69 times
%MSG
%MSG-d FE-ROCTrackerInterface:  Early 30-Apr-2019 14:43:07 CDT pre-events
otsdaq_mu2e_tracker/otsdaq-mu2e-tracker/FEInterfaces/ROCTrackerInterface_interface.cc [209]	DTC0_ROC0_Tracker :	 read register 7 61 times
%MSG
%MSG-d FE-ROCTrackerInterface:  Early 30-Apr-2019 14:43:07 CDT pre-events
otsdaq_mu2e_tracker/otsdaq-mu2e-tracker/FEInterfaces/ROCTrackerInterface_interface.cc [209]	DTC0_ROC0_Tracker :	 read register 6 84 times
%MSG
%MSG-d FE-ROCTrackerInterface:  Early 30-Apr-2019 14:43:07 CDT pre-events
otsdaq_mu2e_tracker/otsdaq-mu2e-tracker/FEInterfaces/ROCTrackerInterface_interface.cc [209]	DTC0_ROC0_Tracker :	 read register 7 51 times
%MSG
%MSG-d FE-ROCTrackerInterface:  Early 30-Apr-2019 14:43:07 CDT pre-events
otsdaq_mu2e_tracker/otsdaq-mu2e-tracker/FEInterfaces/ROCTrackerInterface_interface.cc [209]	DTC0_ROC0_Tracker :	 read register 6 56 times
%MSG
%MSG-d FE-ROCTrackerInterface:  Early 30-Apr-2019 14:43:07 CDT pre-events
otsdaq_mu2e_tracker/otsdaq-mu2e-tracker/FEInterfaces/ROCTrackerInterface_interface.cc [209]	DTC0_ROC0_Tracker :	 read register 7 90 times
%MSG
%MSG-d FE-ROCTrackerInterface:  Early 30-Apr-2019 14:43:07 CDT pre-events
otsdaq_mu2e_tracker/otsdaq-mu2e-tracker/FEInterfaces/ROCTrackerInterface_interface.cc [209]	DTC0_ROC0_Tracker :	 read register 6 65 times
%MSG
%MSG-d FE-ROCTrackerInterface:  Early 30-Apr-2019 14:43:07 CDT pre-events
otsdaq_mu2e_tracker/otsdaq-mu2e-tracker/FEInterfaces/ROCTrackerInterface_interface.cc [209]	DTC0_ROC0_Tracker :	 read register 7 25 times
%MSG
%MSG-d FE-ROCTrackerInterface:  Early 30-Apr-2019 14:43:07 CDT pre-events
otsdaq_mu2e_tracker/otsdaq-mu2e-tracker/FEInterfaces/ROCTrackerInterface_interface.cc [209]	DTC0_ROC0_Tracker :	 read register 6 8 times
%MSG
%MSG-d FE-ROCTrackerInterface:  Early 30-Apr-2019 14:43:07 CDT pre-events
otsdaq_mu2e_tracker/otsdaq-mu2e-tracker/FEInterfaces/ROCTrackerInterface_interface.cc [209]	DTC0_ROC0_Tracker :	 read register 7 12 times
%MSG
%MSG-d FE-ROCTrackerInterface:  Early 30-Apr-2019 14:43:07 CDT pre-events
otsdaq_mu2e_tracker/otsdaq-mu2e-tracker/FEInterfaces/ROCTrackerInterface_interface.cc [209]	DTC0_ROC0_Tracker :	 read register 6 72 times
%MSG
%MSG-d FE-ROCTrackerInterface:  Early 30-Apr-2019 14:43:07 CDT pre-events
otsdaq_mu2e_tracker/otsdaq-mu2e-tracker/FEInterfaces/ROCTrackerInterface_interface.cc [209]	DTC0_ROC0_Tracker :	 read register 7 99 times
%MSG
%MSG-d FE-ROCTrackerInterface:  Early 30-Apr-2019 14:43:07 CDT pre-events
otsdaq_mu2e_tracker/otsdaq-mu2e-tracker/FEInterfaces/ROCTrackerInterface_interface.cc [209]	DTC0_ROC0_Tracker :	 read register 6 98 times
%MSG
%MSG-d FE-ROCTrackerInterface:  Early 30-Apr-2019 14:43:07 CDT pre-events
otsdaq_mu2e_tracker/otsdaq-mu2e-tracker/FEInterfaces/ROCTrackerInterface_interface.cc [209]	DTC0_ROC0_Tracker :	 read register 7 46 times
%MSG
%MSG-d FE-ROCTrackerInterface:  Early 30-Apr-2019 14:43:07 CDT pre-events
otsdaq_mu2e_tracker/otsdaq-mu2e-tracker/FEInterfaces/ROCTrackerInterface_interface.cc [209]	DTC0_ROC0_Tracker :	 read register 6 85 times
%MSG
%MSG-d FE-ROCTrackerInterface:  Early 30-Apr-2019 14:43:07 CDT pre-events
otsdaq_mu2e_tracker/otsdaq-mu2e-tracker/FEInterfaces/ROCTrackerInterface_interface.cc [209]	DTC0_ROC0_Tracker :	 read register 7 17 times
%MSG
%MSG-d FE-ROCTrackerInterface:  Early 30-Apr-2019 14:43:07 CDT pre-events
otsdaq_mu2e_tracker/otsdaq-mu2e-tracker/FEInterfaces/ROCTrackerInterface_interface.cc [209]	DTC0_ROC0_Tracker :	 read register 6 40 times
%MSG
%MSG-d FE-ROCTrackerInterface:  Early 30-Apr-2019 14:43:07 CDT pre-events
otsdaq_mu2e_tracker/otsdaq-mu2e-tracker/FEInterfaces/ROCTrackerInterface_interface.cc [209]	DTC0_ROC0_Tracker :	 read register 7 85 times
%MSG
%MSG-d FE-ROCTrackerInterface:  Early 30-Apr-2019 14:43:07 CDT pre-events
otsdaq_mu2e_tracker/otsdaq-mu2e-tracker/FEInterfaces/ROCTrackerInterface_interface.cc [209]	DTC0_ROC0_Tracker :	 read register 6 79 times
%MSG
%MSG-d FE-ROCTrackerInterface:  Early 30-Apr-2019 14:43:07 CDT pre-events
otsdaq_mu2e_tracker/otsdaq-mu2e-tracker/FEInterfaces/ROCTrackerInterface_interface.cc [209]	DTC0_ROC0_Tracker :	 read register 7 54 times
%MSG
%MSG-d FE-ROCTrackerInterface:  Early 30-Apr-2019 14:43:07 CDT pre-events
otsdaq_mu2e_tracker/otsdaq-mu2e-tracker/FEInterfaces/ROCTrackerInterface_interface.cc [209]	DTC0_ROC0_Tracker :	 read register 6 45 times
%MSG
%MSG-d FE-ROCTrackerInterface:  Early 30-Apr-2019 14:43:07 CDT pre-events
otsdaq_mu2e_tracker/otsdaq-mu2e-tracker/FEInterfaces/ROCTrackerInterface_interface.cc [209]	DTC0_ROC0_Tracker :	 read register 7 86 times
%MSG
%MSG-d FE-ROCTrackerInterface:  Early 30-Apr-2019 14:43:07 CDT pre-events
otsdaq_mu2e_tracker/otsdaq-mu2e-tracker/FEInterfaces/ROCTrackerInterface_interface.cc [209]	DTC0_ROC0_Tracker :	 read register 6 51 times
%MSG
%MSG-d FE-ROCTrackerInterface:  Early 30-Apr-2019 14:43:07 CDT pre-events
otsdaq_mu2e_tracker/otsdaq-mu2e-tracker/FEInterfaces/ROCTrackerInterface_interface.cc [209]	DTC0_ROC0_Tracker :	 read register 7 73 times
%MSG
%MSG-d FE-ROCTrackerInterface:  Early 30-Apr-2019 14:43:07 CDT pre-events
otsdaq_mu2e_tracker/otsdaq-mu2e-tracker/FEInterfaces/ROCTrackerInterface_interface.cc [209]	DTC0_ROC0_Tracker :	 read register 6 28 times
%MSG
%MSG-d FE-ROCTrackerInterface:  Early 30-Apr-2019 14:43:07 CDT pre-events
otsdaq_mu2e_tracker/otsdaq-mu2e-tracker/FEInterfaces/ROCTrackerInterface_interface.cc [209]	DTC0_ROC0_Tracker :	 read register 7 25 times
%MSG
%MSG-d FE-ROCTrackerInterface:  Early 30-Apr-2019 14:43:07 CDT pre-events
otsdaq_mu2e_tracker/otsdaq-mu2e-tracker/FEInterfaces/ROCTrackerInterface_interface.cc [209]	DTC0_ROC0_Tracker :	 read register 6 8 times
%MSG
%MSG-d FE-ROCTrackerInterface:  Early 30-Apr-2019 14:43:07 CDT pre-events
otsdaq_mu2e_tracker/otsdaq-mu2e-tracker/FEInterfaces/ROCTrackerInterface_interface.cc [209]	DTC0_ROC0_Tracker :	 read register 7 25 times
%MSG
%MSG-d FE-ROCTrackerInterface:  Early 30-Apr-2019 14:43:07 CDT pre-events
otsdaq_mu2e_tracker/otsdaq-mu2e-tracker/FEInterfaces/ROCTrackerInterface_interface.cc [209]	DTC0_ROC0_Tracker :	 read register 6 38 times
%MSG
%MSG-d FE-ROCTrackerInterface:  Early 30-Apr-2019 14:43:07 CDT pre-events
otsdaq_mu2e_tracker/otsdaq-mu2e-tracker/FEInterfaces/ROCTrackerInterface_interface.cc [209]	DTC0_ROC0_Tracker :	 read register 7 85 times
%MSG
%MSG-d FE-ROCTrackerInterface:  Early 30-Apr-2019 14:43:07 CDT pre-events
otsdaq_mu2e_tracker/otsdaq-mu2e-tracker/FEInterfaces/ROCTrackerInterface_interface.cc [209]	DTC0_ROC0_Tracker :	 read register 6 40 times
%MSG
%MSG-d FE-ROCTrackerInterface:  Early 30-Apr-2019 14:43:07 CDT pre-events
otsdaq_mu2e_tracker/otsdaq-mu2e-tracker/FEInterfaces/ROCTrackerInterface_interface.cc [209]	DTC0_ROC0_Tracker :	 read register 7 58 times
%MSG
%MSG-d FE-ROCTrackerInterface:  Early 30-Apr-2019 14:43:07 CDT pre-events
otsdaq_mu2e_tracker/otsdaq-mu2e-tracker/FEInterfaces/ROCTrackerInterface_interface.cc [209]	DTC0_ROC0_Tracker :	 read register 6 97 times
%MSG
%MSG-d FE-ROCTrackerInterface:  Early 30-Apr-2019 14:43:07 CDT pre-events
otsdaq_mu2e_tracker/otsdaq-mu2e-tracker/FEInterfaces/ROCTrackerInterface_interface.cc [209]	DTC0_ROC0_Tracker :	 read register 7 23 times
%MSG
%MSG-d FE-ROCTrackerInterface:  Early 30-Apr-2019 14:43:07 CDT pre-events
otsdaq_mu2e_tracker/otsdaq-mu2e-tracker/FEInterfaces/ROCTrackerInterface_interface.cc [209]	DTC0_ROC0_Tracker :	 read register 6 8 times
%MSG
%MSG-d FE-ROCTrackerInterface:  Early 30-Apr-2019 14:43:07 CDT pre-events
otsdaq_mu2e_tracker/otsdaq-mu2e-tracker/FEInterfaces/ROCTrackerInterface_interface.cc [209]	DTC0_ROC0_Tracker :	 read register 7 4 times
%MSG
%MSG-d FE-ROCTrackerInterface:  Early 30-Apr-2019 14:43:07 CDT pre-events
otsdaq_mu2e_tracker/otsdaq-mu2e-tracker/FEInterfaces/ROCTrackerInterface_interface.cc [209]	DTC0_ROC0_Tracker :	 read register 6 12 times
%MSG
%MSG-d FE-ROCTrackerInterface:  Early 30-Apr-2019 14:43:07 CDT pre-events
otsdaq_mu2e_tracker/otsdaq-mu2e-tracker/FEInterfaces/ROCTrackerInterface_interface.cc [209]	DTC0_ROC0_Tracker :	 read register 7 24 times
%MSG
%MSG-d FE-ROCTrackerInterface:  Early 30-Apr-2019 14:43:07 CDT pre-events
otsdaq_mu2e_tracker/otsdaq-mu2e-tracker/FEInterfaces/ROCTrackerInterface_interface.cc [209]	DTC0_ROC0_Tracker :	 read register 6 81 times
%MSG
%MSG-d FE-ROCTrackerInterface:  Early 30-Apr-2019 14:43:07 CDT pre-events
otsdaq_mu2e_tracker/otsdaq-mu2e-tracker/FEInterfaces/ROCTrackerInterface_interface.cc [209]	DTC0_ROC0_Tracker :	 read register 7 72 times
%MSG
%MSG-d FE-ROCTrackerInterface:  Early 30-Apr-2019 14:43:07 CDT pre-events
otsdaq_mu2e_tracker/otsdaq-mu2e-tracker/FEInterfaces/ROCTrackerInterface_interface.cc [209]	DTC0_ROC0_Tracker :	 read register 6 35 times
%MSG
%MSG-d FE-ROCTrackerInterface:  Early 30-Apr-2019 14:43:07 CDT pre-events
otsdaq_mu2e_tracker/otsdaq-mu2e-tracker/FEInterfaces/ROCTrackerInterface_interface.cc [209]	DTC0_ROC0_Tracker :	 read register 7 52 times
%MSG
%MSG-d FE-ROCTrackerInterface:  Early 30-Apr-2019 14:43:07 CDT pre-events
otsdaq_mu2e_tracker/otsdaq-mu2e-tracker/FEInterfaces/ROCTrackerInterface_interface.cc [209]	DTC0_ROC0_Tracker :	 read register 6 22 times
%MSG
%MSG-d FE-ROCTrackerInterface:  Early 30-Apr-2019 14:43:07 CDT pre-events
otsdaq_mu2e_tracker/otsdaq-mu2e-tracker/FEInterfaces/ROCTrackerInterface_interface.cc [209]	DTC0_ROC0_Tracker :	 read register 7 85 times
%MSG
%MSG-d FE-ROCTrackerInterface:  Early 30-Apr-2019 14:43:07 CDT pre-events
otsdaq_mu2e_tracker/otsdaq-mu2e-tracker/FEInterfaces/ROCTrackerInterface_interface.cc [209]	DTC0_ROC0_Tracker :	 read register 6 49 times
%MSG
%MSG-d FE-ROCTrackerInterface:  Early 30-Apr-2019 14:43:07 CDT pre-events
otsdaq_mu2e_tracker/otsdaq-mu2e-tracker/FEInterfaces/ROCTrackerInterface_interface.cc [209]	DTC0_ROC0_Tracker :	 read register 7 6 times
%MSG
%MSG-d FE-ROCTrackerInterface:  Early 30-Apr-2019 14:43:07 CDT pre-events
otsdaq_mu2e_tracker/otsdaq-mu2e-tracker/FEInterfaces/ROCTrackerInterface_interface.cc [209]	DTC0_ROC0_Tracker :	 read register 6 1 times
%MSG
%MSG-d FE-ROCTrackerInterface:  Early 30-Apr-2019 14:43:07 CDT pre-events
otsdaq_mu2e_tracker/otsdaq-mu2e-tracker/FEInterfaces/ROCTrackerInterface_interface.cc [209]	DTC0_ROC0_Tracker :	 read register 7 40 times
%MSG
%MSG-d FE-ROCTrackerInterface:  Early 30-Apr-2019 14:43:08 CDT pre-events
otsdaq_mu2e_tracker/otsdaq-mu2e-tracker/FEInterfaces/ROCTrackerInterface_interface.cc [209]	DTC0_ROC0_Tracker :	 read register 6 90 times
%MSG
%MSG-d FE-ROCTrackerInterface:  Early 30-Apr-2019 14:43:08 CDT pre-events
otsdaq_mu2e_tracker/otsdaq-mu2e-tracker/FEInterfaces/ROCTrackerInterface_interface.cc [209]	DTC0_ROC0_Tracker :	 read register 7 31 times
%MSG
%MSG-d FE-ROCTrackerInterface:  Early 30-Apr-2019 14:43:08 CDT pre-events
otsdaq_mu2e_tracker/otsdaq-mu2e-tracker/FEInterfaces/ROCTrackerInterface_interface.cc [209]	DTC0_ROC0_Tracker :	 read register 6 93 times
%MSG
%MSG-d FE-ROCTrackerInterface:  Early 30-Apr-2019 14:43:08 CDT pre-events
otsdaq_mu2e_tracker/otsdaq-mu2e-tracker/FEInterfaces/ROCTrackerInterface_interface.cc [209]	DTC0_ROC0_Tracker :	 read register 7 86 times
%MSG
%MSG-d FE-ROCTrackerInterface:  Early 30-Apr-2019 14:43:08 CDT pre-events
otsdaq_mu2e_tracker/otsdaq-mu2e-tracker/FEInterfaces/ROCTrackerInterface_interface.cc [209]	DTC0_ROC0_Tracker :	 read register 6 16 times
%MSG
%MSG-d FE-ROCTrackerInterface:  Early 30-Apr-2019 14:43:08 CDT pre-events
otsdaq_mu2e_tracker/otsdaq-mu2e-tracker/FEInterfaces/ROCTrackerInterface_interface.cc [209]	DTC0_ROC0_Tracker :	 read register 7 96 times
%MSG
%MSG-d FE-ROCTrackerInterface:  Early 30-Apr-2019 14:43:08 CDT pre-events
otsdaq_mu2e_tracker/otsdaq-mu2e-tracker/FEInterfaces/ROCTrackerInterface_interface.cc [209]	DTC0_ROC0_Tracker :	 read register 6 59 times
%MSG
%MSG-d FE-ROCTrackerInterface:  Early 30-Apr-2019 14:43:08 CDT pre-events
otsdaq_mu2e_tracker/otsdaq-mu2e-tracker/FEInterfaces/ROCTrackerInterface_interface.cc [209]	DTC0_ROC0_Tracker :	 read register 7 95 times
%MSG
%MSG-d FE-ROCTrackerInterface:  Early 30-Apr-2019 14:43:08 CDT pre-events
otsdaq_mu2e_tracker/otsdaq-mu2e-tracker/FEInterfaces/ROCTrackerInterface_interface.cc [209]	DTC0_ROC0_Tracker :	 read register 6 20 times
%MSG
%MSG-d FE-ROCTrackerInterface:  Early 30-Apr-2019 14:43:08 CDT pre-events
otsdaq_mu2e_tracker/otsdaq-mu2e-tracker/FEInterfaces/ROCTrackerInterface_interface.cc [209]	DTC0_ROC0_Tracker :	 read register 7 66 times
%MSG
%MSG-d FE-ROCTrackerInterface:  Early 30-Apr-2019 14:43:08 CDT pre-events
otsdaq_mu2e_tracker/otsdaq-mu2e-tracker/FEInterfaces/ROCTrackerInterface_interface.cc [209]	DTC0_ROC0_Tracker :	 read register 6 71 times
%MSG
%MSG-d FE-ROCTrackerInterface:  Early 30-Apr-2019 14:43:08 CDT pre-events
otsdaq_mu2e_tracker/otsdaq-mu2e-tracker/FEInterfaces/ROCTrackerInterface_interface.cc [209]	DTC0_ROC0_Tracker :	 read register 7 57 times
%MSG
%MSG-d FE-ROCTrackerInterface:  Early 30-Apr-2019 14:43:08 CDT pre-events
otsdaq_mu2e_tracker/otsdaq-mu2e-tracker/FEInterfaces/ROCTrackerInterface_interface.cc [209]	DTC0_ROC0_Tracker :	 read register 6 2 times
%MSG
%MSG-d FE-ROCTrackerInterface:  Early 30-Apr-2019 14:43:08 CDT pre-events
otsdaq_mu2e_tracker/otsdaq-mu2e-tracker/FEInterfaces/ROCTrackerInterface_interface.cc [209]	DTC0_ROC0_Tracker :	 read register 7 10 times
%MSG
%MSG-d FE-ROCTrackerInterface:  Early 30-Apr-2019 14:43:08 CDT pre-events
otsdaq_mu2e_tracker/otsdaq-mu2e-tracker/FEInterfaces/ROCTrackerInterface_interface.cc [209]	DTC0_ROC0_Tracker :	 read register 6 66 times
%MSG
%MSG-d FE-ROCTrackerInterface:  Early 30-Apr-2019 14:43:08 CDT pre-events
otsdaq_mu2e_tracker/otsdaq-mu2e-tracker/FEInterfaces/ROCTrackerInterface_interface.cc [209]	DTC0_ROC0_Tracker :	 read register 7 50 times
%MSG
%MSG-d FE-ROCTrackerInterface:  Early 30-Apr-2019 14:43:08 CDT pre-events
otsdaq_mu2e_tracker/otsdaq-mu2e-tracker/FEInterfaces/ROCTrackerInterface_interface.cc [209]	DTC0_ROC0_Tracker :	 read register 6 33 times
%MSG
%MSG-d FE-ROCTrackerInterface:  Early 30-Apr-2019 14:43:08 CDT pre-events
otsdaq_mu2e_tracker/otsdaq-mu2e-tracker/FEInterfaces/ROCTrackerInterface_interface.cc [209]	DTC0_ROC0_Tracker :	 read register 7 73 times
%MSG
%MSG-d FE-ROCTrackerInterface:  Early 30-Apr-2019 14:43:08 CDT pre-events
otsdaq_mu2e_tracker/otsdaq-mu2e-tracker/FEInterfaces/ROCTrackerInterface_interface.cc [209]	DTC0_ROC0_Tracker :	 read register 6 54 times
%MSG
%MSG-d FE-ROCTrackerInterface:  Early 30-Apr-2019 14:43:08 CDT pre-events
otsdaq_mu2e_tracker/otsdaq-mu2e-tracker/FEInterfaces/ROCTrackerInterface_interface.cc [209]	DTC0_ROC0_Tracker :	 read register 7 96 times
%MSG
%MSG-d FE-ROCTrackerInterface:  Early 30-Apr-2019 14:43:08 CDT pre-events
otsdaq_mu2e_tracker/otsdaq-mu2e-tracker/FEInterfaces/ROCTrackerInterface_interface.cc [209]	DTC0_ROC0_Tracker :	 read register 6 96 times
%MSG
%MSG-d FE-ROCTrackerInterface:  Early 30-Apr-2019 14:43:08 CDT pre-events
otsdaq_mu2e_tracker/otsdaq-mu2e-tracker/FEInterfaces/ROCTrackerInterface_interface.cc [209]	DTC0_ROC0_Tracker :	 read register 7 34 times
%MSG
%MSG-d FE-ROCTrackerInterface:  Early 30-Apr-2019 14:43:08 CDT pre-events
otsdaq_mu2e_tracker/otsdaq-mu2e-tracker/FEInterfaces/ROCTrackerInterface_interface.cc [209]	DTC0_ROC0_Tracker :	 read register 6 67 times
%MSG
%MSG-d FE-ROCTrackerInterface:  Early 30-Apr-2019 14:43:08 CDT pre-events
otsdaq_mu2e_tracker/otsdaq-mu2e-tracker/FEInterfaces/ROCTrackerInterface_interface.cc [209]	DTC0_ROC0_Tracker :	 read register 7 83 times
%MSG
%MSG-d FE-ROCTrackerInterface:  Early 30-Apr-2019 14:43:08 CDT pre-events
otsdaq_mu2e_tracker/otsdaq-mu2e-tracker/FEInterfaces/ROCTrackerInterface_interface.cc [209]	DTC0_ROC0_Tracker :	 read register 6 37 times
%MSG
%MSG-d FE-ROCTrackerInterface:  Early 30-Apr-2019 14:43:08 CDT pre-events
otsdaq_mu2e_tracker/otsdaq-mu2e-tracker/FEInterfaces/ROCTrackerInterface_interface.cc [209]	DTC0_ROC0_Tracker :	 read register 7 40 times
%MSG
%MSG-d FE-ROCTrackerInterface:  Early 30-Apr-2019 14:43:08 CDT pre-events
otsdaq_mu2e_tracker/otsdaq-mu2e-tracker/FEInterfaces/ROCTrackerInterface_interface.cc [209]	DTC0_ROC0_Tracker :	 read register 6 67 times
%MSG
%MSG-d FE-ROCTrackerInterface:  Early 30-Apr-2019 14:43:08 CDT pre-events
otsdaq_mu2e_tracker/otsdaq-mu2e-tracker/FEInterfaces/ROCTrackerInterface_interface.cc [209]	DTC0_ROC0_Tracker :	 read register 7 85 times
%MSG
%MSG-d FE-ROCTrackerInterface:  Early 30-Apr-2019 14:43:08 CDT pre-events
otsdaq_mu2e_tracker/otsdaq-mu2e-tracker/FEInterfaces/ROCTrackerInterface_interface.cc [209]	DTC0_ROC0_Tracker :	 read register 6 45 times
%MSG
%MSG-d FE-ROCTrackerInterface:  Early 30-Apr-2019 14:43:08 CDT pre-events
otsdaq_mu2e_tracker/otsdaq-mu2e-tracker/FEInterfaces/ROCTrackerInterface_interface.cc [209]	DTC0_ROC0_Tracker :	 read register 7 67 times
%MSG
%MSG-d FE-ROCTrackerInterface:  Early 30-Apr-2019 14:43:08 CDT pre-events
otsdaq_mu2e_tracker/otsdaq-mu2e-tracker/FEInterfaces/ROCTrackerInterface_interface.cc [209]	DTC0_ROC0_Tracker :	 read register 6 25 times
%MSG
%MSG-d FE-ROCTrackerInterface:  Early 30-Apr-2019 14:43:08 CDT pre-events
otsdaq_mu2e_tracker/otsdaq-mu2e-tracker/FEInterfaces/ROCTrackerInterface_interface.cc [209]	DTC0_ROC0_Tracker :	 read register 7 86 times
%MSG
%MSG-d FE-ROCTrackerInterface:  Early 30-Apr-2019 14:43:08 CDT pre-events
otsdaq_mu2e_tracker/otsdaq-mu2e-tracker/FEInterfaces/ROCTrackerInterface_interface.cc [209]	DTC0_ROC0_Tracker :	 read register 6 97 times
%MSG
%MSG-d FE-ROCTrackerInterface:  Early 30-Apr-2019 14:43:08 CDT pre-events
otsdaq_mu2e_tracker/otsdaq-mu2e-tracker/FEInterfaces/ROCTrackerInterface_interface.cc [209]	DTC0_ROC0_Tracker :	 read register 7 69 times
%MSG
%MSG-d FE-ROCTrackerInterface:  Early 30-Apr-2019 14:43:08 CDT pre-events
otsdaq_mu2e_tracker/otsdaq-mu2e-tracker/FEInterfaces/ROCTrackerInterface_interface.cc [209]	DTC0_ROC0_Tracker :	 read register 6 72 times
%MSG
%MSG-d FE-ROCTrackerInterface:  Early 30-Apr-2019 14:43:08 CDT pre-events
otsdaq_mu2e_tracker/otsdaq-mu2e-tracker/FEInterfaces/ROCTrackerInterface_interface.cc [209]	DTC0_ROC0_Tracker :	 read register 7 64 times
%MSG
%MSG-d FE-ROCTrackerInterface:  Early 30-Apr-2019 14:43:08 CDT pre-events
otsdaq_mu2e_tracker/otsdaq-mu2e-tracker/FEInterfaces/ROCTrackerInterface_interface.cc [209]	DTC0_ROC0_Tracker :	 read register 6 64 times
%MSG
%MSG-d FE-ROCTrackerInterface:  Early 30-Apr-2019 14:43:08 CDT pre-events
otsdaq_mu2e_tracker/otsdaq-mu2e-tracker/FEInterfaces/ROCTrackerInterface_interface.cc [209]	DTC0_ROC0_Tracker :	 read register 7 30 times
%MSG
%MSG-d FE-ROCTrackerInterface:  Early 30-Apr-2019 14:43:08 CDT pre-events
otsdaq_mu2e_tracker/otsdaq-mu2e-tracker/FEInterfaces/ROCTrackerInterface_interface.cc [209]	DTC0_ROC0_Tracker :	 read register 6 58 times
%MSG
%MSG-d FE-ROCTrackerInterface:  Early 30-Apr-2019 14:43:08 CDT pre-events
otsdaq_mu2e_tracker/otsdaq-mu2e-tracker/FEInterfaces/ROCTrackerInterface_interface.cc [209]	DTC0_ROC0_Tracker :	 read register 7 36 times
%MSG
%MSG-d FE-ROCTrackerInterface:  Early 30-Apr-2019 14:43:08 CDT pre-events
otsdaq_mu2e_tracker/otsdaq-mu2e-tracker/FEInterfaces/ROCTrackerInterface_interface.cc [209]	DTC0_ROC0_Tracker :	 read register 6 47 times
%MSG
%MSG-d FE-ROCTrackerInterface:  Early 30-Apr-2019 14:43:08 CDT pre-events
otsdaq_mu2e_tracker/otsdaq-mu2e-tracker/FEInterfaces/ROCTrackerInterface_interface.cc [209]	DTC0_ROC0_Tracker :	 read register 7 81 times
%MSG
%MSG-d FE-ROCTrackerInterface:  Early 30-Apr-2019 14:43:08 CDT pre-events
otsdaq_mu2e_tracker/otsdaq-mu2e-tracker/FEInterfaces/ROCTrackerInterface_interface.cc [209]	DTC0_ROC0_Tracker :	 read register 6 44 times
%MSG
%MSG-d FE-ROCTrackerInterface:  Early 30-Apr-2019 14:43:08 CDT pre-events
otsdaq_mu2e_tracker/otsdaq-mu2e-tracker/FEInterfaces/ROCTrackerInterface_interface.cc [209]	DTC0_ROC0_Tracker :	 read register 7 1 times
%MSG
%MSG-d FE-ROCTrackerInterface:  Early 30-Apr-2019 14:43:08 CDT pre-events
otsdaq_mu2e_tracker/otsdaq-mu2e-tracker/FEInterfaces/ROCTrackerInterface_interface.cc [209]	DTC0_ROC0_Tracker :	 read register 6 90 times
%MSG
%MSG-d FE-ROCTrackerInterface:  Early 30-Apr-2019 14:43:08 CDT pre-events
otsdaq_mu2e_tracker/otsdaq-mu2e-tracker/FEInterfaces/ROCTrackerInterface_interface.cc [209]	DTC0_ROC0_Tracker :	 read register 7 10 times
%MSG
%MSG-d FE-ROCTrackerInterface:  Early 30-Apr-2019 14:43:08 CDT pre-events
otsdaq_mu2e_tracker/otsdaq-mu2e-tracker/FEInterfaces/ROCTrackerInterface_interface.cc [209]	DTC0_ROC0_Tracker :	 read register 6 2 times
%MSG
%MSG-d FE-ROCTrackerInterface:  Early 30-Apr-2019 14:43:08 CDT pre-events
otsdaq_mu2e_tracker/otsdaq-mu2e-tracker/FEInterfaces/ROCTrackerInterface_interface.cc [209]	DTC0_ROC0_Tracker :	 read register 7 22 times
%MSG
%MSG-d FE-ROCTrackerInterface:  Early 30-Apr-2019 14:43:08 CDT pre-events
otsdaq_mu2e_tracker/otsdaq-mu2e-tracker/FEInterfaces/ROCTrackerInterface_interface.cc [209]	DTC0_ROC0_Tracker :	 read register 6 82 times
%MSG
%MSG-d FE-ROCTrackerInterface:  Early 30-Apr-2019 14:43:08 CDT pre-events
otsdaq_mu2e_tracker/otsdaq-mu2e-tracker/FEInterfaces/ROCTrackerInterface_interface.cc [209]	DTC0_ROC0_Tracker :	 read register 7 55 times
%MSG
%MSG-d FE-ROCTrackerInterface:  Early 30-Apr-2019 14:43:08 CDT pre-events
otsdaq_mu2e_tracker/otsdaq-mu2e-tracker/FEInterfaces/ROCTrackerInterface_interface.cc [209]	DTC0_ROC0_Tracker :	 read register 6 70 times
%MSG
%MSG-d FE-ROCTrackerInterface:  Early 30-Apr-2019 14:43:08 CDT pre-events
otsdaq_mu2e_tracker/otsdaq-mu2e-tracker/FEInterfaces/ROCTrackerInterface_interface.cc [209]	DTC0_ROC0_Tracker :	 read register 7 78 times
%MSG
%MSG-d FE-ROCTrackerInterface:  Early 30-Apr-2019 14:43:08 CDT pre-events
otsdaq_mu2e_tracker/otsdaq-mu2e-tracker/FEInterfaces/ROCTrackerInterface_interface.cc [209]	DTC0_ROC0_Tracker :	 read register 6 40 times
%MSG
%MSG-d FE-ROCTrackerInterface:  Early 30-Apr-2019 14:43:08 CDT pre-events
otsdaq_mu2e_tracker/otsdaq-mu2e-tracker/FEInterfaces/ROCTrackerInterface_interface.cc [209]	DTC0_ROC0_Tracker :	 read register 7 36 times
%MSG
%MSG-d FE-ROCTrackerInterface:  Early 30-Apr-2019 14:43:08 CDT pre-events
otsdaq_mu2e_tracker/otsdaq-mu2e-tracker/FEInterfaces/ROCTrackerInterface_interface.cc [209]	DTC0_ROC0_Tracker :	 read register 6 12 times
%MSG
%MSG-d FE-ROCTrackerInterface:  Early 30-Apr-2019 14:43:08 CDT pre-events
otsdaq_mu2e_tracker/otsdaq-mu2e-tracker/FEInterfaces/ROCTrackerInterface_interface.cc [209]	DTC0_ROC0_Tracker :	 read register 7 76 times
%MSG
%MSG-d FE-ROCTrackerInterface:  Early 30-Apr-2019 14:43:08 CDT pre-events
otsdaq_mu2e_tracker/otsdaq-mu2e-tracker/FEInterfaces/ROCTrackerInterface_interface.cc [209]	DTC0_ROC0_Tracker :	 read register 6 76 times
%MSG
%MSG-d FE-ROCTrackerInterface:  Early 30-Apr-2019 14:43:08 CDT pre-events
otsdaq_mu2e_tracker/otsdaq-mu2e-tracker/FEInterfaces/ROCTrackerInterface_interface.cc [209]	DTC0_ROC0_Tracker :	 read register 7 78 times
%MSG
%MSG-d FE-ROCTrackerInterface:  Early 30-Apr-2019 14:43:08 CDT pre-events
otsdaq_mu2e_tracker/otsdaq-mu2e-tracker/FEInterfaces/ROCTrackerInterface_interface.cc [209]	DTC0_ROC0_Tracker :	 read register 6 13 times
%MSG
%MSG-d FE-ROCTrackerInterface:  Early 30-Apr-2019 14:43:08 CDT pre-events
otsdaq_mu2e_tracker/otsdaq-mu2e-tracker/FEInterfaces/ROCTrackerInterface_interface.cc [209]	DTC0_ROC0_Tracker :	 read register 7 72 times
%MSG
%MSG-d FE-ROCTrackerInterface:  Early 30-Apr-2019 14:43:08 CDT pre-events
otsdaq_mu2e_tracker/otsdaq-mu2e-tracker/FEInterfaces/ROCTrackerInterface_interface.cc [209]	DTC0_ROC0_Tracker :	 read register 6 44 times
%MSG
%MSG-d FE-ROCTrackerInterface:  Early 30-Apr-2019 14:43:08 CDT pre-events
otsdaq_mu2e_tracker/otsdaq-mu2e-tracker/FEInterfaces/ROCTrackerInterface_interface.cc [209]	DTC0_ROC0_Tracker :	 read register 7 89 times
%MSG
%MSG-d FE-ROCTrackerInterface:  Early 30-Apr-2019 14:43:08 CDT pre-events
otsdaq_mu2e_tracker/otsdaq-mu2e-tracker/FEInterfaces/ROCTrackerInterface_interface.cc [209]	DTC0_ROC0_Tracker :	 read register 6 58 times
%MSG
%MSG-d FE-ROCTrackerInterface:  Early 30-Apr-2019 14:43:08 CDT pre-events
otsdaq_mu2e_tracker/otsdaq-mu2e-tracker/FEInterfaces/ROCTrackerInterface_interface.cc [209]	DTC0_ROC0_Tracker :	 read register 7 92 times
%MSG
%MSG-d FE-ROCTrackerInterface:  Early 30-Apr-2019 14:43:08 CDT pre-events
otsdaq_mu2e_tracker/otsdaq-mu2e-tracker/FEInterfaces/ROCTrackerInterface_interface.cc [209]	DTC0_ROC0_Tracker :	 read register 6 9 times
%MSG
