%MSG-i configureMessageFacility:  Early 30-Apr-2019 14:21:28 CDT pre-events configureMessageFacility.cc:286
Message Facility Application CorePropertySupervisorBase configured with: debugModules:["*"] destinations:{file:{append:false directory:"/home/mu2etrk/test_stand/ots/srcs/otsdaq_mu2e_tracker/Data/Logs/CorePropertySupervisorBase" pattern:"CorePropertySupervisorBase-%?H%t-%p.log" seperator:"-" threshold:"DEBUG" timestamp_pattern:"%Y%m%d%H%M%S" type:"GenFile"} udp:{host:"127.0.0.1" port:30000 threshold:"DEBUG" type:"UDP"}}
%MSG
%MSG-i _TCPConnect:  DAQ 30-Apr-2019 14:21:28 CDT Booted TCPConnect.cc:334
Resolving host 127.0.0.1, on port 30000
%MSG
%MSG-i _TCPConnect:  DAQ 30-Apr-2019 14:21:28 CDT Booted TCPConnect.cc:241
Resolving ip mu2edaq09
%MSG
%MSG-i configureMessageFacility:  DAQ 30-Apr-2019 14:21:28 CDT Booted configureMessageFacility.cc:286
Message Facility Application RunControlStateMachine configured with: debugModules:["*"] destinations:{file:{append:false directory:"/home/mu2etrk/test_stand/ots/srcs/otsdaq_mu2e_tracker/Data/Logs/RunControlStateMachine" pattern:"RunControlStateMachine-%?H%t-%p.log" seperator:"-" threshold:"DEBUG" timestamp_pattern:"%Y%m%d%H%M%S" type:"GenFile"} udp:{host:"127.0.0.1" port:30000 threshold:"DEBUG" type:"UDP"}}
%MSG
%MSG-i configureMessageFacility:  DAQ 30-Apr-2019 14:21:28 CDT Booted configureMessageFacility.cc:286
Message Facility Application CoreSupervisorBase configured with: debugModules:["*"] destinations:{file:{append:false directory:"/home/mu2etrk/test_stand/ots/srcs/otsdaq_mu2e_tracker/Data/Logs/CoreSupervisorBase" pattern:"CoreSupervisorBase-%?H%t-%p.log" seperator:"-" threshold:"DEBUG" timestamp_pattern:"%Y%m%d%H%M%S" type:"GenFile"} udp:{host:"127.0.0.1" port:30000 threshold:"DEBUG" type:"UDP"}}
%MSG
%MSG-i configureMessageFacility:  Early 30-Apr-2019 14:21:42 CDT pre-events configureMessageFacility.cc:286
Message Facility Application ROCCoreVInterface configured with: debugModules:["*"] destinations:{file:{append:false directory:"/home/mu2etrk/test_stand/ots/srcs/otsdaq_mu2e_tracker/Data/Logs/ROCCoreVInterface" pattern:"ROCCoreVInterface-%?H%t-%p.log" seperator:"-" threshold:"DEBUG" timestamp_pattern:"%Y%m%d%H%M%S" type:"GenFile"} udp:{host:"127.0.0.1" port:30000 threshold:"DEBUG" type:"UDP"}}
%MSG
%MSG-i FE-ROCCoreVInterface:  Early 30-Apr-2019 14:21:42 CDT pre-events
otsdaq_mu2e/otsdaq-mu2e/ROCCore/ROCCoreVInterface.cc [28]	ROCCoreVInterface instantiated with link: 0 and EventWindowDelayOffset = 0
%MSG
%MSG-i configureMessageFacility:  Early 30-Apr-2019 14:21:42 CDT pre-events configureMessageFacility.cc:286
Message Facility Application ROCPolarFireCoreInterface configured with: debugModules:["*"] destinations:{file:{append:false directory:"/home/mu2etrk/test_stand/ots/srcs/otsdaq_mu2e_tracker/Data/Logs/ROCPolarFireCoreInterface" pattern:"ROCPolarFireCoreInterface-%?H%t-%p.log" seperator:"-" threshold:"DEBUG" timestamp_pattern:"%Y%m%d%H%M%S" type:"GenFile"} udp:{host:"127.0.0.1" port:30000 threshold:"DEBUG" type:"UDP"}}
%MSG
%MSG-i FE-ROCPolarFireCoreInterface:  Early 30-Apr-2019 14:21:42 CDT pre-events
otsdaq_mu2e/otsdaq-mu2e/FEInterfaces/ROCPolarFireCoreInterface_interface.cc [19]	ROCPolarFireCoreInterface instantiated with link: 0 and EventWindowDelayOffset = 0
%MSG
%MSG-i configureMessageFacility:  Early 30-Apr-2019 14:21:42 CDT pre-events configureMessageFacility.cc:286
Message Facility Application ROCTrackerInterface configured with: debugModules:["*"] destinations:{file:{append:false directory:"/home/mu2etrk/test_stand/ots/srcs/otsdaq_mu2e_tracker/Data/Logs/ROCTrackerInterface" pattern:"ROCTrackerInterface-%?H%t-%p.log" seperator:"-" threshold:"DEBUG" timestamp_pattern:"%Y%m%d%H%M%S" type:"GenFile"} udp:{host:"127.0.0.1" port:30000 threshold:"DEBUG" type:"UDP"}}
%MSG
%MSG-i FE-ROCTrackerInterface:  Early 30-Apr-2019 14:21:42 CDT pre-events
otsdaq_mu2e_tracker/otsdaq-mu2e-tracker/FEInterfaces/ROCTrackerInterface_interface.cc [21]	ROCTrackerInterface instantiated with link: 0 and EventWindowDelayOffset = 0
%MSG
%MSG-i DTCFrontEndInterface:  Early 30-Apr-2019 14:21:42 CDT pre-events
otsdaq_mu2e/otsdaq-mu2e/FEInterfaces/DTCFrontEndInterface_interface.cc [131]	DTCFrontEndInterface instantiated with name: DTC0 dtc_location_in_chain_ = 0 talking to /dev/mu2e0
%MSG
%MSG-i DTCFrontEndInterface:  Early 30-Apr-2019 14:21:42 CDT pre-events
otsdaq_mu2e/otsdaq-mu2e/FEInterfaces/DTCFrontEndInterface_interface.cc [846]	Step 0: DTC0 reset FPGA...
%MSG
%MSG-i DTCFrontEndInterface:  Early 30-Apr-2019 14:21:45 CDT pre-events
otsdaq_mu2e/otsdaq-mu2e/FEInterfaces/DTCFrontEndInterface_interface.cc [854]	............. firmware version 19042910
%MSG
%MSG-i DTCFrontEndInterface:  Early 30-Apr-2019 14:21:46 CDT pre-events
otsdaq_mu2e/otsdaq-mu2e/FEInterfaces/DTCFrontEndInterface_interface.cc [867]	Step 1: DTC0 reset clock...
%MSG
%MSG-i DTCFrontEndInterface:  Early 30-Apr-2019 14:21:56 CDT pre-events
otsdaq_mu2e/otsdaq-mu2e/FEInterfaces/DTCFrontEndInterface_interface.cc [912]	Step 2: DTC0 configure Jitter Attenuator...
%MSG
%MSG-i DTCFrontEndInterface:  Early 30-Apr-2019 14:22:01 CDT pre-events
otsdaq_mu2e/otsdaq-mu2e/FEInterfaces/DTCFrontEndInterface_interface.cc [932]	Step 3: DTC0 enable CFO emulation and internal clock
%MSG
%MSG-i DTCFrontEndInterface:  Early 30-Apr-2019 14:22:01 CDT pre-events
otsdaq_mu2e/otsdaq-mu2e/FEInterfaces/DTCFrontEndInterface_interface.cc [980]	Step 4: DTC0 wait for links...
%MSG
%MSG-i DTCFrontEndInterface:  Early 30-Apr-2019 14:22:20 CDT pre-events
otsdaq_mu2e/otsdaq-mu2e/FEInterfaces/DTCFrontEndInterface_interface.cc [1020]	Step 5: DTC0 enable markers, Tx, Rx
%MSG
%MSG-i DTCFrontEndInterface:  Early 30-Apr-2019 14:22:20 CDT pre-events
otsdaq_mu2e/otsdaq-mu2e/FEInterfaces/DTCFrontEndInterface_interface.cc [1042]	Step 5: DTC0 configure ROCs
%MSG
%MSG-i FE-ROCPolarFireCoreInterface:  Early 30-Apr-2019 14:22:20 CDT pre-events
otsdaq_mu2e/otsdaq-mu2e/FEInterfaces/ROCPolarFireCoreInterface_interface.cc [153]	......... setup to synchronize ROC clock with 40 MHz clock edge
%MSG
%MSG-i FE-ROCPolarFireCoreInterface:  Early 30-Apr-2019 14:22:20 CDT pre-events
otsdaq_mu2e/otsdaq-mu2e/FEInterfaces/ROCPolarFireCoreInterface_interface.cc [161]	......... Set delay = 0, readback = 0... 
%MSG
%MSG-i FE-ROCPolarFireCoreInterface:  Early 30-Apr-2019 14:22:20 CDT pre-events
otsdaq_mu2e/otsdaq-mu2e/FEInterfaces/ROCPolarFireCoreInterface_interface.cc [188]	......... reset DTC link loss counter ... 
%MSG
%MSG-i DTCFrontEndInterface:  Early 30-Apr-2019 14:22:21 CDT pre-events
otsdaq_mu2e/otsdaq-mu2e/FEInterfaces/DTCFrontEndInterface_interface.cc [1055]	Step 6: CFO emulation enable Event start characters and event window interval
%MSG
%MSG-i DTCFrontEndInterface:  Early 30-Apr-2019 14:22:21 CDT pre-events
otsdaq_mu2e/otsdaq-mu2e/FEInterfaces/DTCFrontEndInterface_interface.cc [1070]	Step 6: DTC0 configured
%MSG
%MSG-i DTCFrontEndInterface:  Early 30-Apr-2019 14:22:21 CDT pre-events
otsdaq_mu2e/otsdaq-mu2e/FEInterfaces/DTCFrontEndInterface_interface.cc [1075]	DTC0 links OK 0xc1
%MSG
%MSG-i DTCFrontEndInterface:  Early 30-Apr-2019 14:23:20 CDT pre-events
otsdaq_mu2e/otsdaq-mu2e/FEInterfaces/DTCFrontEndInterface_interface.cc [1195]	.... ROC0-DTC link lost 0 times
%MSG
%MSG-d FE-ROCTrackerInterface:  Early 30-Apr-2019 14:23:20 CDT pre-events
otsdaq_mu2e_tracker/otsdaq-mu2e-tracker/FEInterfaces/ROCTrackerInterface_interface.cc [208]	DTC0_ROC0_Tracker :	 read register 6 96 times
%MSG
%MSG-d FE-ROCTrackerInterface:  Early 30-Apr-2019 14:23:20 CDT pre-events
otsdaq_mu2e_tracker/otsdaq-mu2e-tracker/FEInterfaces/ROCTrackerInterface_interface.cc [208]	DTC0_ROC0_Tracker :	 read register 7 2 times
%MSG
%MSG-d FE-ROCTrackerInterface:  Early 30-Apr-2019 14:23:20 CDT pre-events
otsdaq_mu2e_tracker/otsdaq-mu2e-tracker/FEInterfaces/ROCTrackerInterface_interface.cc [208]	DTC0_ROC0_Tracker :	 read register 6 0 times
%MSG
%MSG-d FE-ROCTrackerInterface:  Early 30-Apr-2019 14:23:20 CDT pre-events
otsdaq_mu2e_tracker/otsdaq-mu2e-tracker/FEInterfaces/ROCTrackerInterface_interface.cc [208]	DTC0_ROC0_Tracker :	 read register 7 38 times
%MSG
%MSG-d FE-ROCTrackerInterface:  Early 30-Apr-2019 14:23:20 CDT pre-events
otsdaq_mu2e_tracker/otsdaq-mu2e-tracker/FEInterfaces/ROCTrackerInterface_interface.cc [208]	DTC0_ROC0_Tracker :	 read register 6 97 times
%MSG
%MSG-d FE-ROCTrackerInterface:  Early 30-Apr-2019 14:23:20 CDT pre-events
otsdaq_mu2e_tracker/otsdaq-mu2e-tracker/FEInterfaces/ROCTrackerInterface_interface.cc [208]	DTC0_ROC0_Tracker :	 read register 7 59 times
%MSG
%MSG-d FE-ROCTrackerInterface:  Early 30-Apr-2019 14:23:20 CDT pre-events
otsdaq_mu2e_tracker/otsdaq-mu2e-tracker/FEInterfaces/ROCTrackerInterface_interface.cc [208]	DTC0_ROC0_Tracker :	 read register 6 2 times
%MSG
%MSG-d FE-ROCTrackerInterface:  Early 30-Apr-2019 14:23:20 CDT pre-events
otsdaq_mu2e_tracker/otsdaq-mu2e-tracker/FEInterfaces/ROCTrackerInterface_interface.cc [208]	DTC0_ROC0_Tracker :	 read register 7 58 times
%MSG
%MSG-d FE-ROCTrackerInterface:  Early 30-Apr-2019 14:23:20 CDT pre-events
otsdaq_mu2e_tracker/otsdaq-mu2e-tracker/FEInterfaces/ROCTrackerInterface_interface.cc [208]	DTC0_ROC0_Tracker :	 read register 6 8 times
%MSG
%MSG-d FE-ROCTrackerInterface:  Early 30-Apr-2019 14:23:20 CDT pre-events
otsdaq_mu2e_tracker/otsdaq-mu2e-tracker/FEInterfaces/ROCTrackerInterface_interface.cc [208]	DTC0_ROC0_Tracker :	 read register 7 34 times
%MSG
%MSG-d FE-ROCTrackerInterface:  Early 30-Apr-2019 14:23:20 CDT pre-events
otsdaq_mu2e_tracker/otsdaq-mu2e-tracker/FEInterfaces/ROCTrackerInterface_interface.cc [208]	DTC0_ROC0_Tracker :	 read register 6 75 times
%MSG
%MSG-d FE-ROCTrackerInterface:  Early 30-Apr-2019 14:23:20 CDT pre-events
otsdaq_mu2e_tracker/otsdaq-mu2e-tracker/FEInterfaces/ROCTrackerInterface_interface.cc [208]	DTC0_ROC0_Tracker :	 read register 7 8 times
%MSG
%MSG-d FE-ROCTrackerInterface:  Early 30-Apr-2019 14:23:20 CDT pre-events
otsdaq_mu2e_tracker/otsdaq-mu2e-tracker/FEInterfaces/ROCTrackerInterface_interface.cc [208]	DTC0_ROC0_Tracker :	 read register 6 79 times
%MSG
%MSG-d FE-ROCTrackerInterface:  Early 30-Apr-2019 14:23:20 CDT pre-events
otsdaq_mu2e_tracker/otsdaq-mu2e-tracker/FEInterfaces/ROCTrackerInterface_interface.cc [208]	DTC0_ROC0_Tracker :	 read register 7 2 times
%MSG
%MSG-d FE-ROCTrackerInterface:  Early 30-Apr-2019 14:23:20 CDT pre-events
otsdaq_mu2e_tracker/otsdaq-mu2e-tracker/FEInterfaces/ROCTrackerInterface_interface.cc [208]	DTC0_ROC0_Tracker :	 read register 6 34 times
%MSG
%MSG-d FE-ROCTrackerInterface:  Early 30-Apr-2019 14:23:20 CDT pre-events
otsdaq_mu2e_tracker/otsdaq-mu2e-tracker/FEInterfaces/ROCTrackerInterface_interface.cc [208]	DTC0_ROC0_Tracker :	 read register 7 32 times
%MSG
%MSG-d FE-ROCTrackerInterface:  Early 30-Apr-2019 14:23:20 CDT pre-events
otsdaq_mu2e_tracker/otsdaq-mu2e-tracker/FEInterfaces/ROCTrackerInterface_interface.cc [208]	DTC0_ROC0_Tracker :	 read register 6 77 times
%MSG
%MSG-d FE-ROCTrackerInterface:  Early 30-Apr-2019 14:23:20 CDT pre-events
otsdaq_mu2e_tracker/otsdaq-mu2e-tracker/FEInterfaces/ROCTrackerInterface_interface.cc [208]	DTC0_ROC0_Tracker :	 read register 7 1 times
%MSG
%MSG-d FE-ROCTrackerInterface:  Early 30-Apr-2019 14:23:20 CDT pre-events
otsdaq_mu2e_tracker/otsdaq-mu2e-tracker/FEInterfaces/ROCTrackerInterface_interface.cc [208]	DTC0_ROC0_Tracker :	 read register 6 61 times
%MSG
%MSG-d FE-ROCTrackerInterface:  Early 30-Apr-2019 14:23:20 CDT pre-events
otsdaq_mu2e_tracker/otsdaq-mu2e-tracker/FEInterfaces/ROCTrackerInterface_interface.cc [208]	DTC0_ROC0_Tracker :	 read register 7 64 times
%MSG
%MSG-d FE-ROCTrackerInterface:  Early 30-Apr-2019 14:23:20 CDT pre-events
otsdaq_mu2e_tracker/otsdaq-mu2e-tracker/FEInterfaces/ROCTrackerInterface_interface.cc [208]	DTC0_ROC0_Tracker :	 read register 6 5 times
%MSG
%MSG-d FE-ROCTrackerInterface:  Early 30-Apr-2019 14:23:20 CDT pre-events
otsdaq_mu2e_tracker/otsdaq-mu2e-tracker/FEInterfaces/ROCTrackerInterface_interface.cc [208]	DTC0_ROC0_Tracker :	 read register 7 42 times
%MSG
%MSG-d FE-ROCTrackerInterface:  Early 30-Apr-2019 14:23:20 CDT pre-events
otsdaq_mu2e_tracker/otsdaq-mu2e-tracker/FEInterfaces/ROCTrackerInterface_interface.cc [208]	DTC0_ROC0_Tracker :	 read register 6 3 times
%MSG
%MSG-d FE-ROCTrackerInterface:  Early 30-Apr-2019 14:23:20 CDT pre-events
otsdaq_mu2e_tracker/otsdaq-mu2e-tracker/FEInterfaces/ROCTrackerInterface_interface.cc [208]	DTC0_ROC0_Tracker :	 read register 7 10 times
%MSG
%MSG-d FE-ROCTrackerInterface:  Early 30-Apr-2019 14:23:20 CDT pre-events
otsdaq_mu2e_tracker/otsdaq-mu2e-tracker/FEInterfaces/ROCTrackerInterface_interface.cc [208]	DTC0_ROC0_Tracker :	 read register 6 72 times
%MSG
%MSG-d FE-ROCTrackerInterface:  Early 30-Apr-2019 14:23:20 CDT pre-events
otsdaq_mu2e_tracker/otsdaq-mu2e-tracker/FEInterfaces/ROCTrackerInterface_interface.cc [208]	DTC0_ROC0_Tracker :	 read register 7 42 times
%MSG
%MSG-d FE-ROCTrackerInterface:  Early 30-Apr-2019 14:23:20 CDT pre-events
otsdaq_mu2e_tracker/otsdaq-mu2e-tracker/FEInterfaces/ROCTrackerInterface_interface.cc [208]	DTC0_ROC0_Tracker :	 read register 6 74 times
%MSG
%MSG-d FE-ROCTrackerInterface:  Early 30-Apr-2019 14:23:20 CDT pre-events
otsdaq_mu2e_tracker/otsdaq-mu2e-tracker/FEInterfaces/ROCTrackerInterface_interface.cc [208]	DTC0_ROC0_Tracker :	 read register 7 51 times
%MSG
%MSG-d FE-ROCTrackerInterface:  Early 30-Apr-2019 14:23:20 CDT pre-events
otsdaq_mu2e_tracker/otsdaq-mu2e-tracker/FEInterfaces/ROCTrackerInterface_interface.cc [208]	DTC0_ROC0_Tracker :	 read register 6 31 times
%MSG
%MSG-d FE-ROCTrackerInterface:  Early 30-Apr-2019 14:23:20 CDT pre-events
otsdaq_mu2e_tracker/otsdaq-mu2e-tracker/FEInterfaces/ROCTrackerInterface_interface.cc [208]	DTC0_ROC0_Tracker :	 read register 7 41 times
%MSG
%MSG-d FE-ROCTrackerInterface:  Early 30-Apr-2019 14:23:20 CDT pre-events
otsdaq_mu2e_tracker/otsdaq-mu2e-tracker/FEInterfaces/ROCTrackerInterface_interface.cc [208]	DTC0_ROC0_Tracker :	 read register 6 98 times
%MSG
%MSG-d FE-ROCTrackerInterface:  Early 30-Apr-2019 14:23:20 CDT pre-events
otsdaq_mu2e_tracker/otsdaq-mu2e-tracker/FEInterfaces/ROCTrackerInterface_interface.cc [208]	DTC0_ROC0_Tracker :	 read register 7 39 times
%MSG
%MSG-d FE-ROCTrackerInterface:  Early 30-Apr-2019 14:23:20 CDT pre-events
otsdaq_mu2e_tracker/otsdaq-mu2e-tracker/FEInterfaces/ROCTrackerInterface_interface.cc [208]	DTC0_ROC0_Tracker :	 read register 6 95 times
%MSG
%MSG-d FE-ROCTrackerInterface:  Early 30-Apr-2019 14:23:20 CDT pre-events
otsdaq_mu2e_tracker/otsdaq-mu2e-tracker/FEInterfaces/ROCTrackerInterface_interface.cc [208]	DTC0_ROC0_Tracker :	 read register 7 51 times
%MSG
%MSG-d FE-ROCTrackerInterface:  Early 30-Apr-2019 14:23:20 CDT pre-events
otsdaq_mu2e_tracker/otsdaq-mu2e-tracker/FEInterfaces/ROCTrackerInterface_interface.cc [208]	DTC0_ROC0_Tracker :	 read register 6 29 times
%MSG
%MSG-d FE-ROCTrackerInterface:  Early 30-Apr-2019 14:23:20 CDT pre-events
otsdaq_mu2e_tracker/otsdaq-mu2e-tracker/FEInterfaces/ROCTrackerInterface_interface.cc [208]	DTC0_ROC0_Tracker :	 read register 7 92 times
%MSG
%MSG-d FE-ROCTrackerInterface:  Early 30-Apr-2019 14:23:20 CDT pre-events
otsdaq_mu2e_tracker/otsdaq-mu2e-tracker/FEInterfaces/ROCTrackerInterface_interface.cc [208]	DTC0_ROC0_Tracker :	 read register 6 10 times
%MSG
%MSG-d FE-ROCTrackerInterface:  Early 30-Apr-2019 14:23:20 CDT pre-events
otsdaq_mu2e_tracker/otsdaq-mu2e-tracker/FEInterfaces/ROCTrackerInterface_interface.cc [208]	DTC0_ROC0_Tracker :	 read register 7 31 times
%MSG
%MSG-d FE-ROCTrackerInterface:  Early 30-Apr-2019 14:23:20 CDT pre-events
otsdaq_mu2e_tracker/otsdaq-mu2e-tracker/FEInterfaces/ROCTrackerInterface_interface.cc [208]	DTC0_ROC0_Tracker :	 read register 6 3 times
%MSG
%MSG-d FE-ROCTrackerInterface:  Early 30-Apr-2019 14:23:20 CDT pre-events
otsdaq_mu2e_tracker/otsdaq-mu2e-tracker/FEInterfaces/ROCTrackerInterface_interface.cc [208]	DTC0_ROC0_Tracker :	 read register 7 18 times
%MSG
%MSG-d FE-ROCTrackerInterface:  Early 30-Apr-2019 14:23:20 CDT pre-events
otsdaq_mu2e_tracker/otsdaq-mu2e-tracker/FEInterfaces/ROCTrackerInterface_interface.cc [208]	DTC0_ROC0_Tracker :	 read register 6 66 times
%MSG
%MSG-d FE-ROCTrackerInterface:  Early 30-Apr-2019 14:23:20 CDT pre-events
otsdaq_mu2e_tracker/otsdaq-mu2e-tracker/FEInterfaces/ROCTrackerInterface_interface.cc [208]	DTC0_ROC0_Tracker :	 read register 7 78 times
%MSG
%MSG-d FE-ROCTrackerInterface:  Early 30-Apr-2019 14:23:20 CDT pre-events
otsdaq_mu2e_tracker/otsdaq-mu2e-tracker/FEInterfaces/ROCTrackerInterface_interface.cc [208]	DTC0_ROC0_Tracker :	 read register 6 78 times
%MSG
%MSG-d FE-ROCTrackerInterface:  Early 30-Apr-2019 14:23:20 CDT pre-events
otsdaq_mu2e_tracker/otsdaq-mu2e-tracker/FEInterfaces/ROCTrackerInterface_interface.cc [208]	DTC0_ROC0_Tracker :	 read register 7 97 times
%MSG
%MSG-d FE-ROCTrackerInterface:  Early 30-Apr-2019 14:23:20 CDT pre-events
otsdaq_mu2e_tracker/otsdaq-mu2e-tracker/FEInterfaces/ROCTrackerInterface_interface.cc [208]	DTC0_ROC0_Tracker :	 read register 6 32 times
%MSG
%MSG-d FE-ROCTrackerInterface:  Early 30-Apr-2019 14:23:20 CDT pre-events
otsdaq_mu2e_tracker/otsdaq-mu2e-tracker/FEInterfaces/ROCTrackerInterface_interface.cc [208]	DTC0_ROC0_Tracker :	 read register 7 12 times
%MSG
%MSG-d FE-ROCTrackerInterface:  Early 30-Apr-2019 14:23:20 CDT pre-events
otsdaq_mu2e_tracker/otsdaq-mu2e-tracker/FEInterfaces/ROCTrackerInterface_interface.cc [208]	DTC0_ROC0_Tracker :	 read register 6 30 times
%MSG
%MSG-d FE-ROCTrackerInterface:  Early 30-Apr-2019 14:23:20 CDT pre-events
otsdaq_mu2e_tracker/otsdaq-mu2e-tracker/FEInterfaces/ROCTrackerInterface_interface.cc [208]	DTC0_ROC0_Tracker :	 read register 7 10 times
%MSG
%MSG-d FE-ROCTrackerInterface:  Early 30-Apr-2019 14:23:20 CDT pre-events
otsdaq_mu2e_tracker/otsdaq-mu2e-tracker/FEInterfaces/ROCTrackerInterface_interface.cc [208]	DTC0_ROC0_Tracker :	 read register 6 13 times
%MSG
%MSG-d FE-ROCTrackerInterface:  Early 30-Apr-2019 14:23:20 CDT pre-events
otsdaq_mu2e_tracker/otsdaq-mu2e-tracker/FEInterfaces/ROCTrackerInterface_interface.cc [208]	DTC0_ROC0_Tracker :	 read register 7 91 times
%MSG
%MSG-d FE-ROCTrackerInterface:  Early 30-Apr-2019 14:23:20 CDT pre-events
otsdaq_mu2e_tracker/otsdaq-mu2e-tracker/FEInterfaces/ROCTrackerInterface_interface.cc [208]	DTC0_ROC0_Tracker :	 read register 6 26 times
%MSG
%MSG-d FE-ROCTrackerInterface:  Early 30-Apr-2019 14:23:20 CDT pre-events
otsdaq_mu2e_tracker/otsdaq-mu2e-tracker/FEInterfaces/ROCTrackerInterface_interface.cc [208]	DTC0_ROC0_Tracker :	 read register 7 70 times
%MSG
%MSG-d FE-ROCTrackerInterface:  Early 30-Apr-2019 14:23:20 CDT pre-events
otsdaq_mu2e_tracker/otsdaq-mu2e-tracker/FEInterfaces/ROCTrackerInterface_interface.cc [208]	DTC0_ROC0_Tracker :	 read register 6 85 times
%MSG
%MSG-d FE-ROCTrackerInterface:  Early 30-Apr-2019 14:23:20 CDT pre-events
otsdaq_mu2e_tracker/otsdaq-mu2e-tracker/FEInterfaces/ROCTrackerInterface_interface.cc [208]	DTC0_ROC0_Tracker :	 read register 7 82 times
%MSG
%MSG-d FE-ROCTrackerInterface:  Early 30-Apr-2019 14:23:20 CDT pre-events
otsdaq_mu2e_tracker/otsdaq-mu2e-tracker/FEInterfaces/ROCTrackerInterface_interface.cc [208]	DTC0_ROC0_Tracker :	 read register 6 32 times
%MSG
%MSG-d FE-ROCTrackerInterface:  Early 30-Apr-2019 14:23:20 CDT pre-events
otsdaq_mu2e_tracker/otsdaq-mu2e-tracker/FEInterfaces/ROCTrackerInterface_interface.cc [208]	DTC0_ROC0_Tracker :	 read register 7 58 times
%MSG
%MSG-d FE-ROCTrackerInterface:  Early 30-Apr-2019 14:23:20 CDT pre-events
otsdaq_mu2e_tracker/otsdaq-mu2e-tracker/FEInterfaces/ROCTrackerInterface_interface.cc [208]	DTC0_ROC0_Tracker :	 read register 6 24 times
%MSG
%MSG-d FE-ROCTrackerInterface:  Early 30-Apr-2019 14:23:20 CDT pre-events
otsdaq_mu2e_tracker/otsdaq-mu2e-tracker/FEInterfaces/ROCTrackerInterface_interface.cc [208]	DTC0_ROC0_Tracker :	 read register 7 7 times
%MSG
%MSG-d FE-ROCTrackerInterface:  Early 30-Apr-2019 14:23:20 CDT pre-events
otsdaq_mu2e_tracker/otsdaq-mu2e-tracker/FEInterfaces/ROCTrackerInterface_interface.cc [208]	DTC0_ROC0_Tracker :	 read register 6 61 times
%MSG
%MSG-d FE-ROCTrackerInterface:  Early 30-Apr-2019 14:23:20 CDT pre-events
otsdaq_mu2e_tracker/otsdaq-mu2e-tracker/FEInterfaces/ROCTrackerInterface_interface.cc [208]	DTC0_ROC0_Tracker :	 read register 7 55 times
%MSG
%MSG-d FE-ROCTrackerInterface:  Early 30-Apr-2019 14:23:20 CDT pre-events
otsdaq_mu2e_tracker/otsdaq-mu2e-tracker/FEInterfaces/ROCTrackerInterface_interface.cc [208]	DTC0_ROC0_Tracker :	 read register 6 0 times
%MSG
%MSG-d FE-ROCTrackerInterface:  Early 30-Apr-2019 14:23:20 CDT pre-events
otsdaq_mu2e_tracker/otsdaq-mu2e-tracker/FEInterfaces/ROCTrackerInterface_interface.cc [208]	DTC0_ROC0_Tracker :	 read register 7 11 times
%MSG
%MSG-d FE-ROCTrackerInterface:  Early 30-Apr-2019 14:23:20 CDT pre-events
otsdaq_mu2e_tracker/otsdaq-mu2e-tracker/FEInterfaces/ROCTrackerInterface_interface.cc [208]	DTC0_ROC0_Tracker :	 read register 6 46 times
%MSG
%MSG-d FE-ROCTrackerInterface:  Early 30-Apr-2019 14:23:20 CDT pre-events
otsdaq_mu2e_tracker/otsdaq-mu2e-tracker/FEInterfaces/ROCTrackerInterface_interface.cc [208]	DTC0_ROC0_Tracker :	 read register 7 96 times
%MSG
%MSG-d FE-ROCTrackerInterface:  Early 30-Apr-2019 14:23:20 CDT pre-events
otsdaq_mu2e_tracker/otsdaq-mu2e-tracker/FEInterfaces/ROCTrackerInterface_interface.cc [208]	DTC0_ROC0_Tracker :	 read register 6 62 times
%MSG
%MSG-d FE-ROCTrackerInterface:  Early 30-Apr-2019 14:23:21 CDT pre-events
otsdaq_mu2e_tracker/otsdaq-mu2e-tracker/FEInterfaces/ROCTrackerInterface_interface.cc [208]	DTC0_ROC0_Tracker :	 read register 7 75 times
%MSG
%MSG-d FE-ROCTrackerInterface:  Early 30-Apr-2019 14:23:21 CDT pre-events
otsdaq_mu2e_tracker/otsdaq-mu2e-tracker/FEInterfaces/ROCTrackerInterface_interface.cc [208]	DTC0_ROC0_Tracker :	 read register 6 40 times
%MSG
